::1 - - [11/Dec/2019:18:21:37 -0300] "GET / HTTP/1.1" 200 2540
::1 - - [11/Dec/2019:18:24:43 -0300] "GET / HTTP/1.1" 200 2540
::1 - - [11/Dec/2019:18:24:44 -0300] "GET /metisMenu/metisMenu.min.css HTTP/1.1" 200 781
::1 - - [11/Dec/2019:18:24:44 -0300] "GET /metisMenu/metisMenu.min.js HTTP/1.1" 200 1879
::1 - - [11/Dec/2019:18:24:44 -0300] "GET /js/sb-admin-2.js HTTP/1.1" 200 1626
::1 - - [11/Dec/2019:18:24:44 -0300] "GET /font-awesome/css/font-awesome.min.css HTTP/1.1" 200 29063
::1 - - [11/Dec/2019:18:24:44 -0300] "GET /css/sb-admin-2.css HTTP/1.1" 200 8660
::1 - - [11/Dec/2019:18:24:44 -0300] "GET /bootstrap/css/bootstrap.min.css HTTP/1.1" 200 121200
::1 - - [11/Dec/2019:18:24:44 -0300] "GET /bootstrap/js/bootstrap.min.js HTTP/1.1" 200 37045
::1 - - [11/Dec/2019:18:24:44 -0300] "GET /jquery/jquery.min.js HTTP/1.1" 200 86352
::1 - - [11/Dec/2019:18:24:48 -0300] "GET /bootstrap/fonts/glyphicons-halflings-regular.woff2 HTTP/1.1" 200 18028
::1 - - [11/Dec/2019:18:24:57 -0300] "POST /Frontend/login.php HTTP/1.1" 302 -
::1 - - [11/Dec/2019:18:24:57 -0300] "GET /Frontend/Administrador.php HTTP/1.1" 200 16272
::1 - - [11/Dec/2019:18:24:57 -0300] "GET /css/Estilo.css HTTP/1.1" 200 402
::1 - - [11/Dec/2019:18:24:57 -0300] "GET /morrisjs/morris.css HTTP/1.1" 200 433
::1 - - [11/Dec/2019:18:24:57 -0300] "GET /data/morris-data.js HTTP/1.1" 404 217
::1 - - [11/Dec/2019:18:24:57 -0300] "GET /raphael/raphael.min.js HTTP/1.1" 404 220
::1 - - [11/Dec/2019:18:24:57 -0300] "GET /Frontend/vmetisMenu/metisMenu.min.js HTTP/1.1" 404 234
::1 - - [11/Dec/2019:18:24:57 -0300] "GET /css/chat.css HTTP/1.1" 200 920
::1 - - [11/Dec/2019:18:24:57 -0300] "GET /morrisjs/morris.min.js HTTP/1.1" 200 35652
::1 - - [11/Dec/2019:18:24:58 -0300] "GET /Frontend/vmetisMenu/metisMenu.min.js HTTP/1.1" 404 234
::1 - - [11/Dec/2019:18:24:58 -0300] "GET /raphael/raphael.min.js HTTP/1.1" 404 220
::1 - - [11/Dec/2019:18:24:58 -0300] "GET /data/morris-data.js HTTP/1.1" 404 217
::1 - - [11/Dec/2019:18:24:58 -0300] "GET /font-awesome/fonts/fontawesome-webfont.woff2?v=4.6.3 HTTP/1.1" 200 71896
::1 - - [11/Dec/2019:18:25:51 -0300] "GET /Frontend/deletarlivro.php?cod=20 HTTP/1.1" 200 5860
::1 - - [11/Dec/2019:18:25:51 -0300] "GET /raphael/raphael.min.js HTTP/1.1" 404 220
::1 - - [11/Dec/2019:18:25:51 -0300] "GET /data/morris-data.js HTTP/1.1" 404 217
::1 - - [11/Dec/2019:18:25:51 -0300] "GET /raphael/raphael.min.js HTTP/1.1" 404 220
::1 - - [11/Dec/2019:18:25:51 -0300] "GET /data/morris-data.js HTTP/1.1" 404 217
::1 - - [11/Dec/2019:18:25:54 -0300] "GET /Frontend/confirma_deletarlivro.php?cod_del=20&disciplina=Inteligencia+Artificial+II HTTP/1.1" 200 5344
::1 - - [11/Dec/2019:18:25:54 -0300] "GET /raphael/raphael.min.js HTTP/1.1" 404 220
::1 - - [11/Dec/2019:18:25:54 -0300] "GET /data/morris-data.js HTTP/1.1" 404 217
::1 - - [11/Dec/2019:18:25:54 -0300] "GET /raphael/raphael.min.js HTTP/1.1" 404 220
::1 - - [11/Dec/2019:18:25:54 -0300] "GET /data/morris-data.js HTTP/1.1" 404 217
::1 - - [11/Dec/2019:18:25:57 -0300] "GET /Frontend/Administrador.php HTTP/1.1" 200 15348
::1 - - [11/Dec/2019:18:25:57 -0300] "GET /Frontend/vmetisMenu/metisMenu.min.js HTTP/1.1" 404 234
::1 - - [11/Dec/2019:18:25:57 -0300] "GET /raphael/raphael.min.js HTTP/1.1" 404 220
::1 - - [11/Dec/2019:18:25:57 -0300] "GET /data/morris-data.js HTTP/1.1" 404 217
::1 - - [11/Dec/2019:18:25:57 -0300] "GET /Frontend/vmetisMenu/metisMenu.min.js HTTP/1.1" 404 234
::1 - - [11/Dec/2019:18:25:57 -0300] "GET /raphael/raphael.min.js HTTP/1.1" 404 220
::1 - - [11/Dec/2019:18:25:57 -0300] "GET /data/morris-data.js HTTP/1.1" 404 217
::1 - - [11/Dec/2019:18:26:06 -0300] "GET /Frontend/autores_cadastrados.php HTTP/1.1" 200 10617
::1 - - [11/Dec/2019:18:26:06 -0300] "GET /raphael/raphael.min.js HTTP/1.1" 404 220
::1 - - [11/Dec/2019:18:26:06 -0300] "GET /data/morris-data.js HTTP/1.1" 404 217
::1 - - [11/Dec/2019:18:26:06 -0300] "GET /raphael/raphael.min.js HTTP/1.1" 404 220
::1 - - [11/Dec/2019:18:26:06 -0300] "GET /data/morris-data.js HTTP/1.1" 404 217
::1 - - [11/Dec/2019:18:26:09 -0300] "GET /Frontend/deletarautor.php?cod=77 HTTP/1.1" 200 5964
::1 - - [11/Dec/2019:18:26:09 -0300] "GET /raphael/raphael.min.js HTTP/1.1" 404 220
::1 - - [11/Dec/2019:18:26:09 -0300] "GET /data/morris-data.js HTTP/1.1" 404 217
::1 - - [11/Dec/2019:18:26:09 -0300] "GET /raphael/raphael.min.js HTTP/1.1" 404 220
::1 - - [11/Dec/2019:18:26:09 -0300] "GET /data/morris-data.js HTTP/1.1" 404 217
::1 - - [11/Dec/2019:18:26:10 -0300] "GET /Frontend/confirma_deletarautor.php?cod_del=77&nome=Fabiana+Lorenzi HTTP/1.1" 200 5376
::1 - - [11/Dec/2019:18:26:10 -0300] "GET /raphael/raphael.min.js HTTP/1.1" 404 220
::1 - - [11/Dec/2019:18:26:10 -0300] "GET /data/morris-data.js HTTP/1.1" 404 217
::1 - - [11/Dec/2019:18:26:10 -0300] "GET /raphael/raphael.min.js HTTP/1.1" 404 220
::1 - - [11/Dec/2019:18:26:10 -0300] "GET /data/morris-data.js HTTP/1.1" 404 217
::1 - - [11/Dec/2019:18:26:12 -0300] "GET /Frontend/autores_cadastrados.php HTTP/1.1" 200 10599
::1 - - [11/Dec/2019:18:26:12 -0300] "GET /raphael/raphael.min.js HTTP/1.1" 404 220
::1 - - [11/Dec/2019:18:26:12 -0300] "GET /data/morris-data.js HTTP/1.1" 404 217
::1 - - [11/Dec/2019:18:26:12 -0300] "GET /raphael/raphael.min.js HTTP/1.1" 404 220
::1 - - [11/Dec/2019:18:26:12 -0300] "GET /data/morris-data.js HTTP/1.1" 404 217
::1 - - [11/Dec/2019:18:26:54 -0300] "GET /Frontend/autores_cadastrados.php?pagina=2 HTTP/1.1" 200 8147
::1 - - [11/Dec/2019:18:26:54 -0300] "GET /raphael/raphael.min.js HTTP/1.1" 404 220
::1 - - [11/Dec/2019:18:26:54 -0300] "GET /data/morris-data.js HTTP/1.1" 404 217
::1 - - [11/Dec/2019:18:26:54 -0300] "GET /raphael/raphael.min.js HTTP/1.1" 404 220
::1 - - [11/Dec/2019:18:26:54 -0300] "GET /data/morris-data.js HTTP/1.1" 404 217
::1 - - [11/Dec/2019:18:26:56 -0300] "GET /Frontend/autores_cadastrados.php?pagina=1 HTTP/1.1" 200 10599
::1 - - [11/Dec/2019:18:26:56 -0300] "GET /raphael/raphael.min.js HTTP/1.1" 404 220
::1 - - [11/Dec/2019:18:26:56 -0300] "GET /data/morris-data.js HTTP/1.1" 404 217
::1 - - [11/Dec/2019:18:26:56 -0300] "GET /raphael/raphael.min.js HTTP/1.1" 404 220
::1 - - [11/Dec/2019:18:26:56 -0300] "GET /data/morris-data.js HTTP/1.1" 404 217
::1 - - [11/Dec/2019:18:30:02 -0300] "GET /Frontend/mensagens_administrador.php HTTP/1.1" 200 8975
::1 - - [11/Dec/2019:18:30:02 -0300] "GET /Frontend/css/chat.css HTTP/1.1" 404 219
::1 - - [11/Dec/2019:18:30:02 -0300] "GET /https://ajax.googleapis.com/ajax/libs/jquery/2.2.0/jquery.min.js HTTP/1.1" 403 266
::1 - - [11/Dec/2019:18:30:02 -0300] "GET /raphael/raphael.min.js HTTP/1.1" 404 220
::1 - - [11/Dec/2019:18:30:02 -0300] "GET /Frontend/css/Estilo.css HTTP/1.1" 404 221
::1 - - [11/Dec/2019:18:30:02 -0300] "GET /data/morris-data.js HTTP/1.1" 404 217
::1 - - [11/Dec/2019:18:30:02 -0300] "GET /https://ajax.googleapis.com/ajax/libs/jquery/2.2.0/jquery.min.js HTTP/1.1" 403 266
::1 - - [11/Dec/2019:18:30:02 -0300] "GET /raphael/raphael.min.js HTTP/1.1" 404 220
::1 - - [11/Dec/2019:18:30:02 -0300] "GET /data/morris-data.js HTTP/1.1" 404 217
::1 - - [11/Dec/2019:18:31:06 -0300] "POST /Backend/email.php HTTP/1.1" 200 99
::1 - - [11/Dec/2019:18:31:15 -0300] "GET /Backend/email.php HTTP/1.1" 200 1
::1 - - [11/Dec/2019:18:31:39 -0300] "GET /Frontend/mensagens_administrador.php HTTP/1.1" 200 8975
::1 - - [11/Dec/2019:18:35:42 -0300] "GET /Frontend/chat.php HTTP/1.1" 200 6466
::1 - - [11/Dec/2019:18:35:43 -0300] "GET /https://ajax.googleapis.com/ajax/libs/jquery/2.2.0/jquery.min.js HTTP/1.1" 403 266
::1 - - [11/Dec/2019:18:35:43 -0300] "GET /raphael/raphael.min.js HTTP/1.1" 404 220
::1 - - [11/Dec/2019:18:35:43 -0300] "GET /data/morris-data.js HTTP/1.1" 404 217
::1 - - [11/Dec/2019:18:56:51 -0300] "GET /Frontend/logout.php HTTP/1.1" 302 6
::1 - - [11/Dec/2019:18:56:51 -0300] "GET /index.php HTTP/1.1" 200 2540
::1 - - [11/Dec/2019:19:04:00 -0300] "POST /Frontend/login.php HTTP/1.1" 302 -
::1 - - [11/Dec/2019:19:04:00 -0300] "GET /Frontend/Administrador.php HTTP/1.1" 200 15348
::1 - - [11/Dec/2019:19:04:01 -0300] "GET /Frontend/vmetisMenu/metisMenu.min.js HTTP/1.1" 404 234
::1 - - [11/Dec/2019:19:04:01 -0300] "GET /raphael/raphael.min.js HTTP/1.1" 404 220
::1 - - [11/Dec/2019:19:04:01 -0300] "GET /data/morris-data.js HTTP/1.1" 404 217
::1 - - [11/Dec/2019:19:04:01 -0300] "GET /Frontend/vmetisMenu/metisMenu.min.js HTTP/1.1" 404 234
::1 - - [11/Dec/2019:19:04:01 -0300] "GET /raphael/raphael.min.js HTTP/1.1" 404 220
::1 - - [11/Dec/2019:19:04:01 -0300] "GET /data/morris-data.js HTTP/1.1" 404 217
::1 - - [11/Dec/2019:19:05:07 -0300] "GET /Frontend/cadastrar_usuarios1.php HTTP/1.1" 200 8029
::1 - - [11/Dec/2019:19:05:07 -0300] "GET /https://ajax.googleapis.com/ajax/libs/jquery/2.2.0/jquery.min.js HTTP/1.1" 403 266
::1 - - [11/Dec/2019:19:05:07 -0300] "GET /data/morris-data.js HTTP/1.1" 404 217
::1 - - [11/Dec/2019:19:05:07 -0300] "GET /raphael/raphael.min.js HTTP/1.1" 404 220
::1 - - [11/Dec/2019:19:05:07 -0300] "GET /https://ajax.googleapis.com/ajax/libs/jquery/2.2.0/jquery.min.js HTTP/1.1" 403 266
::1 - - [11/Dec/2019:19:05:07 -0300] "GET /raphael/raphael.min.js HTTP/1.1" 404 220
::1 - - [11/Dec/2019:19:05:07 -0300] "GET /data/morris-data.js HTTP/1.1" 404 217
::1 - - [11/Dec/2019:19:21:24 -0300] "GET /Frontend/logout.php HTTP/1.1" 302 6
::1 - - [11/Dec/2019:19:21:24 -0300] "GET /index.php HTTP/1.1" 200 2540
::1 - - [11/Dec/2019:19:22:18 -0300] "POST /Frontend/login.php HTTP/1.1" 302 -
::1 - - [11/Dec/2019:19:22:18 -0300] "GET /Frontend/Administrador.php HTTP/1.1" 200 15348
::1 - - [11/Dec/2019:19:22:18 -0300] "GET /Frontend/vmetisMenu/metisMenu.min.js HTTP/1.1" 404 234
::1 - - [11/Dec/2019:19:22:18 -0300] "GET /raphael/raphael.min.js HTTP/1.1" 404 220
::1 - - [11/Dec/2019:19:22:18 -0300] "GET /data/morris-data.js HTTP/1.1" 404 217
::1 - - [11/Dec/2019:19:22:18 -0300] "GET /Frontend/vmetisMenu/metisMenu.min.js HTTP/1.1" 404 234
::1 - - [11/Dec/2019:19:22:18 -0300] "GET /raphael/raphael.min.js HTTP/1.1" 404 220
::1 - - [11/Dec/2019:19:22:18 -0300] "GET /data/morris-data.js HTTP/1.1" 404 217
::1 - - [11/Dec/2019:19:22:48 -0300] "GET /Frontend/cadastrar_usuarios1.php HTTP/1.1" 200 8029
::1 - - [11/Dec/2019:19:22:49 -0300] "GET /https://ajax.googleapis.com/ajax/libs/jquery/2.2.0/jquery.min.js HTTP/1.1" 403 266
::1 - - [11/Dec/2019:19:22:49 -0300] "GET /data/morris-data.js HTTP/1.1" 404 217
::1 - - [11/Dec/2019:19:22:49 -0300] "GET /raphael/raphael.min.js HTTP/1.1" 404 220
::1 - - [11/Dec/2019:19:22:49 -0300] "GET /https://ajax.googleapis.com/ajax/libs/jquery/2.2.0/jquery.min.js HTTP/1.1" 403 266
::1 - - [11/Dec/2019:19:22:49 -0300] "GET /raphael/raphael.min.js HTTP/1.1" 404 220
::1 - - [11/Dec/2019:19:22:49 -0300] "GET /data/morris-data.js HTTP/1.1" 404 217
::1 - - [11/Dec/2019:19:23:10 -0300] "POST /Backend/cadastrar_usuario.php HTTP/1.1" 200 138
::1 - - [11/Dec/2019:19:23:12 -0300] "GET /Frontend/cadastrar_usuarios1.php HTTP/1.1" 200 8029
::1 - - [11/Dec/2019:19:23:12 -0300] "GET /https://ajax.googleapis.com/ajax/libs/jquery/2.2.0/jquery.min.js HTTP/1.1" 403 266
::1 - - [11/Dec/2019:19:23:12 -0300] "GET /raphael/raphael.min.js HTTP/1.1" 404 220
::1 - - [11/Dec/2019:19:23:12 -0300] "GET /data/morris-data.js HTTP/1.1" 404 217
::1 - - [11/Dec/2019:19:23:13 -0300] "GET /https://ajax.googleapis.com/ajax/libs/jquery/2.2.0/jquery.min.js HTTP/1.1" 403 266
::1 - - [11/Dec/2019:19:23:13 -0300] "GET /raphael/raphael.min.js HTTP/1.1" 404 220
::1 - - [11/Dec/2019:19:23:13 -0300] "GET /data/morris-data.js HTTP/1.1" 404 217
::1 - - [11/Dec/2019:19:23:15 -0300] "GET /Frontend/autores_cadastrados.php HTTP/1.1" 200 10617
::1 - - [11/Dec/2019:19:23:15 -0300] "GET /raphael/raphael.min.js HTTP/1.1" 404 220
::1 - - [11/Dec/2019:19:23:15 -0300] "GET /data/morris-data.js HTTP/1.1" 404 217
::1 - - [11/Dec/2019:19:23:15 -0300] "GET /raphael/raphael.min.js HTTP/1.1" 404 220
::1 - - [11/Dec/2019:19:23:15 -0300] "GET /data/morris-data.js HTTP/1.1" 404 217
::1 - - [11/Dec/2019:19:23:22 -0300] "GET /Frontend/mensagens_administrador.php HTTP/1.1" 200 9038
::1 - - [11/Dec/2019:19:23:22 -0300] "GET /Frontend/css/chat.css HTTP/1.1" 404 219
::1 - - [11/Dec/2019:19:23:22 -0300] "GET /https://ajax.googleapis.com/ajax/libs/jquery/2.2.0/jquery.min.js HTTP/1.1" 403 266
::1 - - [11/Dec/2019:19:23:22 -0300] "GET /Frontend/css/Estilo.css HTTP/1.1" 404 221
::1 - - [11/Dec/2019:19:23:22 -0300] "GET /data/morris-data.js HTTP/1.1" 404 217
::1 - - [11/Dec/2019:19:23:22 -0300] "GET /raphael/raphael.min.js HTTP/1.1" 404 220
::1 - - [11/Dec/2019:19:23:22 -0300] "GET /https://ajax.googleapis.com/ajax/libs/jquery/2.2.0/jquery.min.js HTTP/1.1" 403 266
::1 - - [11/Dec/2019:19:23:22 -0300] "GET /raphael/raphael.min.js HTTP/1.1" 404 220
::1 - - [11/Dec/2019:19:23:22 -0300] "GET /data/morris-data.js HTTP/1.1" 404 217
::1 - - [11/Dec/2019:19:23:37 -0300] "GET /Frontend/chat.php HTTP/1.1" 200 6466
::1 - - [11/Dec/2019:19:23:37 -0300] "GET /https://ajax.googleapis.com/ajax/libs/jquery/2.2.0/jquery.min.js HTTP/1.1" 403 266
::1 - - [11/Dec/2019:19:23:37 -0300] "GET /raphael/raphael.min.js HTTP/1.1" 404 220
::1 - - [11/Dec/2019:19:23:37 -0300] "GET /data/morris-data.js HTTP/1.1" 404 217
::1 - - [11/Dec/2019:19:23:37 -0300] "GET /https://ajax.googleapis.com/ajax/libs/jquery/2.2.0/jquery.min.js HTTP/1.1" 403 266
::1 - - [11/Dec/2019:19:23:37 -0300] "GET /raphael/raphael.min.js HTTP/1.1" 404 220
::1 - - [11/Dec/2019:19:23:37 -0300] "GET /data/morris-data.js HTTP/1.1" 404 217
::1 - - [11/Dec/2019:19:23:47 -0300] "GET /Frontend/cadastrar_livros.php HTTP/1.1" 200 7597
::1 - - [11/Dec/2019:19:23:47 -0300] "GET /raphael/raphael.min.js HTTP/1.1" 404 220
::1 - - [11/Dec/2019:19:23:47 -0300] "GET /data/morris-data.js HTTP/1.1" 404 217
::1 - - [11/Dec/2019:19:23:47 -0300] "GET /raphael/raphael.min.js HTTP/1.1" 404 220
::1 - - [11/Dec/2019:19:23:47 -0300] "GET /data/morris-data.js HTTP/1.1" 404 217
::1 - - [11/Dec/2019:19:24:34 -0300] "POST /Backend/cadastro_de_livro.php HTTP/1.1" 200 130
::1 - - [11/Dec/2019:19:24:36 -0300] "GET /Frontend/cadastrar_livros.php HTTP/1.1" 200 7597
::1 - - [11/Dec/2019:19:24:36 -0300] "GET /raphael/raphael.min.js HTTP/1.1" 404 220
::1 - - [11/Dec/2019:19:24:36 -0300] "GET /data/morris-data.js HTTP/1.1" 404 217
::1 - - [11/Dec/2019:19:24:36 -0300] "GET /raphael/raphael.min.js HTTP/1.1" 404 220
::1 - - [11/Dec/2019:19:24:36 -0300] "GET /data/morris-data.js HTTP/1.1" 404 217
::1 - - [11/Dec/2019:19:24:38 -0300] "GET /Frontend/Administrador.php HTTP/1.1" 200 16177
::1 - - [11/Dec/2019:19:24:38 -0300] "GET /Frontend/vmetisMenu/metisMenu.min.js HTTP/1.1" 404 234
::1 - - [11/Dec/2019:19:24:38 -0300] "GET /raphael/raphael.min.js HTTP/1.1" 404 220
::1 - - [11/Dec/2019:19:24:38 -0300] "GET /data/morris-data.js HTTP/1.1" 404 217
::1 - - [11/Dec/2019:19:24:38 -0300] "GET /Frontend/vmetisMenu/metisMenu.min.js HTTP/1.1" 404 234
::1 - - [11/Dec/2019:19:24:38 -0300] "GET /raphael/raphael.min.js HTTP/1.1" 404 220
::1 - - [11/Dec/2019:19:24:38 -0300] "GET /data/morris-data.js HTTP/1.1" 404 217
::1 - - [11/Dec/2019:19:24:52 -0300] "GET /Frontend/logout.php HTTP/1.1" 302 6
::1 - - [11/Dec/2019:19:24:52 -0300] "GET /index.php HTTP/1.1" 200 2540
::1 - - [11/Dec/2019:19:25:01 -0300] "POST /Frontend/login.php HTTP/1.1" 302 -
::1 - - [11/Dec/2019:19:25:01 -0300] "GET /Frontend/Autor.php HTTP/1.1" 200 6573
::1 - - [11/Dec/2019:19:25:01 -0300] "GET /https://ajax.googleapis.com/ajax/libs/jquery/2.2.0/jquery.min.js HTTP/1.1" 403 266
::1 - - [11/Dec/2019:19:25:01 -0300] "GET /raphael/raphael.min.js HTTP/1.1" 404 220
::1 - - [11/Dec/2019:19:25:01 -0300] "GET /data/morris-data.js HTTP/1.1" 404 217
::1 - - [11/Dec/2019:19:25:01 -0300] "GET /https://ajax.googleapis.com/ajax/libs/jquery/2.2.0/jquery.min.js HTTP/1.1" 403 266
::1 - - [11/Dec/2019:19:25:01 -0300] "GET /raphael/raphael.min.js HTTP/1.1" 404 220
::1 - - [11/Dec/2019:19:25:01 -0300] "GET /data/morris-data.js HTTP/1.1" 404 217
::1 - - [11/Dec/2019:19:25:05 -0300] "GET /Frontend/alterarsenha.php HTTP/1.1" 200 6159
::1 - - [11/Dec/2019:19:25:05 -0300] "GET /raphael/raphael.min.js HTTP/1.1" 404 220
::1 - - [11/Dec/2019:19:25:05 -0300] "GET /data/morris-data.js HTTP/1.1" 404 217
::1 - - [11/Dec/2019:19:25:05 -0300] "GET /raphael/raphael.min.js HTTP/1.1" 404 220
::1 - - [11/Dec/2019:19:25:05 -0300] "GET /data/morris-data.js HTTP/1.1" 404 217
::1 - - [11/Dec/2019:19:25:11 -0300] "GET /Frontend/Autor.php HTTP/1.1" 200 6573
::1 - - [11/Dec/2019:19:25:11 -0300] "GET /https://ajax.googleapis.com/ajax/libs/jquery/2.2.0/jquery.min.js HTTP/1.1" 403 266
::1 - - [11/Dec/2019:19:25:11 -0300] "GET /raphael/raphael.min.js HTTP/1.1" 404 220
::1 - - [11/Dec/2019:19:25:11 -0300] "GET /data/morris-data.js HTTP/1.1" 404 217
::1 - - [11/Dec/2019:19:25:11 -0300] "GET /https://ajax.googleapis.com/ajax/libs/jquery/2.2.0/jquery.min.js HTTP/1.1" 403 266
::1 - - [11/Dec/2019:19:25:11 -0300] "GET /raphael/raphael.min.js HTTP/1.1" 404 220
::1 - - [11/Dec/2019:19:25:11 -0300] "GET /data/morris-data.js HTTP/1.1" 404 217
::1 - - [11/Dec/2019:19:26:12 -0300] "POST /Frontend/confirmar_envio_livro_producao.php HTTP/1.1" 200 110
::1 - - [11/Dec/2019:19:26:15 -0300] "GET /Frontend/Autor.php HTTP/1.1" 200 6531
::1 - - [11/Dec/2019:19:26:15 -0300] "GET /https://ajax.googleapis.com/ajax/libs/jquery/2.2.0/jquery.min.js HTTP/1.1" 403 266
::1 - - [11/Dec/2019:19:26:15 -0300] "GET /data/morris-data.js HTTP/1.1" 404 217
::1 - - [11/Dec/2019:19:26:15 -0300] "GET /raphael/raphael.min.js HTTP/1.1" 404 220
::1 - - [11/Dec/2019:19:26:15 -0300] "GET /https://ajax.googleapis.com/ajax/libs/jquery/2.2.0/jquery.min.js HTTP/1.1" 403 266
::1 - - [11/Dec/2019:19:26:15 -0300] "GET /raphael/raphael.min.js HTTP/1.1" 404 220
::1 - - [11/Dec/2019:19:26:15 -0300] "GET /data/morris-data.js HTTP/1.1" 404 217
::1 - - [11/Dec/2019:19:26:47 -0300] "GET /Frontend/pesquisar_livros_autor.php HTTP/1.1" 200 12536
::1 - - [11/Dec/2019:19:26:47 -0300] "GET /Frontend/css/chat.css HTTP/1.1" 404 219
::1 - - [11/Dec/2019:19:26:47 -0300] "GET /data/morris-data.js HTTP/1.1" 404 217
::1 - - [11/Dec/2019:19:26:47 -0300] "GET /raphael/raphael.min.js HTTP/1.1" 404 220
::1 - - [11/Dec/2019:19:26:47 -0300] "GET /Frontend/css/Estilo.css HTTP/1.1" 404 221
::1 - - [11/Dec/2019:19:26:47 -0300] "GET /raphael/raphael.min.js HTTP/1.1" 404 220
::1 - - [11/Dec/2019:19:26:47 -0300] "GET /data/morris-data.js HTTP/1.1" 404 217
::1 - - [11/Dec/2019:19:26:58 -0300] "POST /Frontend/pesquisa_de_livro_autor.php HTTP/1.1" 200 6159
::1 - - [11/Dec/2019:19:26:58 -0300] "GET /Frontend/css/chat.css HTTP/1.1" 404 219
::1 - - [11/Dec/2019:19:26:58 -0300] "GET /raphael/raphael.min.js HTTP/1.1" 404 220
::1 - - [11/Dec/2019:19:26:58 -0300] "GET /Frontend/css/Estilo.css HTTP/1.1" 404 221
::1 - - [11/Dec/2019:19:26:58 -0300] "GET /data/morris-data.js HTTP/1.1" 404 217
::1 - - [11/Dec/2019:19:26:58 -0300] "GET /raphael/raphael.min.js HTTP/1.1" 404 220
::1 - - [11/Dec/2019:19:26:58 -0300] "GET /data/morris-data.js HTTP/1.1" 404 217
::1 - - [11/Dec/2019:19:27:09 -0300] "GET /Frontend/pesquisar_livros_autor.php HTTP/1.1" 200 12536
::1 - - [11/Dec/2019:19:27:09 -0300] "GET /Frontend/css/chat.css HTTP/1.1" 404 219
::1 - - [11/Dec/2019:19:27:09 -0300] "GET /Frontend/css/Estilo.css HTTP/1.1" 404 221
::1 - - [11/Dec/2019:19:27:09 -0300] "GET /data/morris-data.js HTTP/1.1" 404 217
::1 - - [11/Dec/2019:19:27:09 -0300] "GET /raphael/raphael.min.js HTTP/1.1" 404 220
::1 - - [11/Dec/2019:19:27:09 -0300] "GET /raphael/raphael.min.js HTTP/1.1" 404 220
::1 - - [11/Dec/2019:19:27:09 -0300] "GET /data/morris-data.js HTTP/1.1" 404 217
::1 - - [11/Dec/2019:19:27:11 -0300] "GET /Frontend/contato_autor.php HTTP/1.1" 200 8475
::1 - - [11/Dec/2019:19:27:11 -0300] "GET /raphael/raphael.min.js HTTP/1.1" 404 220
::1 - - [11/Dec/2019:19:27:11 -0300] "GET /data/morris-data.js HTTP/1.1" 404 217
::1 - - [11/Dec/2019:19:27:11 -0300] "GET /raphael/raphael.min.js HTTP/1.1" 404 220
::1 - - [11/Dec/2019:19:27:11 -0300] "GET /data/morris-data.js HTTP/1.1" 404 217
::1 - - [11/Dec/2019:19:27:17 -0300] "GET /Frontend/mensagens_autor.php HTTP/1.1" 200 8595
::1 - - [11/Dec/2019:19:27:17 -0300] "GET /Frontend/css/chat.css HTTP/1.1" 404 219
::1 - - [11/Dec/2019:19:27:17 -0300] "GET /Frontend/css/Estilo.css HTTP/1.1" 404 221
::1 - - [11/Dec/2019:19:27:17 -0300] "GET /https://ajax.googleapis.com/ajax/libs/jquery/2.2.0/jquery.min.js HTTP/1.1" 403 266
::1 - - [11/Dec/2019:19:27:17 -0300] "GET /raphael/raphael.min.js HTTP/1.1" 404 220
::1 - - [11/Dec/2019:19:27:17 -0300] "GET /data/morris-data.js HTTP/1.1" 404 217
::1 - - [11/Dec/2019:19:27:17 -0300] "GET /https://ajax.googleapis.com/ajax/libs/jquery/2.2.0/jquery.min.js HTTP/1.1" 403 266
::1 - - [11/Dec/2019:19:27:17 -0300] "GET /raphael/raphael.min.js HTTP/1.1" 404 220
::1 - - [11/Dec/2019:19:27:17 -0300] "GET /data/morris-data.js HTTP/1.1" 404 217
::1 - - [11/Dec/2019:19:27:38 -0300] "GET /Frontend/alterarsenha.php HTTP/1.1" 200 6159
::1 - - [11/Dec/2019:19:27:38 -0300] "GET /raphael/raphael.min.js HTTP/1.1" 404 220
::1 - - [11/Dec/2019:19:27:38 -0300] "GET /data/morris-data.js HTTP/1.1" 404 217
::1 - - [11/Dec/2019:19:27:38 -0300] "GET /raphael/raphael.min.js HTTP/1.1" 404 220
::1 - - [11/Dec/2019:19:27:38 -0300] "GET /data/morris-data.js HTTP/1.1" 404 217
::1 - - [11/Dec/2019:19:27:44 -0300] "GET /Frontend/logout.php HTTP/1.1" 302 6
::1 - - [11/Dec/2019:19:27:44 -0300] "GET /index.php HTTP/1.1" 200 2540
::1 - - [11/Dec/2019:19:27:50 -0300] "POST /Frontend/login.php HTTP/1.1" 302 -
::1 - - [11/Dec/2019:19:27:50 -0300] "GET /Frontend/Funcionario.php HTTP/1.1" 200 10201
::1 - - [11/Dec/2019:19:27:50 -0300] "GET /Frontend/css/chat.css HTTP/1.1" 404 219
::1 - - [11/Dec/2019:19:27:50 -0300] "GET /Frontend/css/Estilo.css HTTP/1.1" 404 221
::1 - - [11/Dec/2019:19:27:50 -0300] "GET /raphael/raphael.min.js HTTP/1.1" 404 220
::1 - - [11/Dec/2019:19:27:50 -0300] "GET /data/morris-data.js HTTP/1.1" 404 217
::1 - - [11/Dec/2019:19:27:50 -0300] "GET /raphael/raphael.min.js HTTP/1.1" 404 220
::1 - - [11/Dec/2019:19:27:50 -0300] "GET /data/morris-data.js HTTP/1.1" 404 217
::1 - - [11/Dec/2019:19:28:32 -0300] "GET /Frontend/livros_producao.php HTTP/1.1" 200 12886
::1 - - [11/Dec/2019:19:28:32 -0300] "GET /Frontend/css/chat.css HTTP/1.1" 404 219
::1 - - [11/Dec/2019:19:28:32 -0300] "GET /Frontend/css/Estilo.css HTTP/1.1" 404 221
::1 - - [11/Dec/2019:19:28:32 -0300] "GET /raphael/raphael.min.js HTTP/1.1" 404 220
::1 - - [11/Dec/2019:19:28:32 -0300] "GET /data/morris-data.js HTTP/1.1" 404 217
::1 - - [11/Dec/2019:19:28:32 -0300] "GET /raphael/raphael.min.js HTTP/1.1" 404 220
::1 - - [11/Dec/2019:19:28:32 -0300] "GET /data/morris-data.js HTTP/1.1" 404 217
::1 - - [11/Dec/2019:19:28:39 -0300] "GET /Frontend/Funcionario.php HTTP/1.1" 200 10201
::1 - - [11/Dec/2019:19:28:39 -0300] "GET /Frontend/css/chat.css HTTP/1.1" 404 219
::1 - - [11/Dec/2019:19:28:39 -0300] "GET /Frontend/css/Estilo.css HTTP/1.1" 404 221
::1 - - [11/Dec/2019:19:28:39 -0300] "GET /raphael/raphael.min.js HTTP/1.1" 404 220
::1 - - [11/Dec/2019:19:28:39 -0300] "GET /data/morris-data.js HTTP/1.1" 404 217
::1 - - [11/Dec/2019:19:28:39 -0300] "GET /raphael/raphael.min.js HTTP/1.1" 404 220
::1 - - [11/Dec/2019:19:28:39 -0300] "GET /data/morris-data.js HTTP/1.1" 404 217
::1 - - [11/Dec/2019:19:29:18 -0300] "POST /backend/alterarproducao.php HTTP/1.1" 200 136
::1 - - [11/Dec/2019:19:29:20 -0300] "GET /Frontend/Funcionario.php HTTP/1.1" 200 10211
::1 - - [11/Dec/2019:19:29:20 -0300] "GET /Frontend/css/chat.css HTTP/1.1" 404 219
::1 - - [11/Dec/2019:19:29:20 -0300] "GET /raphael/raphael.min.js HTTP/1.1" 404 220
::1 - - [11/Dec/2019:19:29:20 -0300] "GET /Frontend/css/Estilo.css HTTP/1.1" 404 221
::1 - - [11/Dec/2019:19:29:20 -0300] "GET /data/morris-data.js HTTP/1.1" 404 217
::1 - - [11/Dec/2019:19:29:20 -0300] "GET /raphael/raphael.min.js HTTP/1.1" 404 220
::1 - - [11/Dec/2019:19:29:20 -0300] "GET /data/morris-data.js HTTP/1.1" 404 217
::1 - - [11/Dec/2019:19:29:40 -0300] "POST /backend/alterarproducao.php HTTP/1.1" 200 136
::1 - - [11/Dec/2019:19:29:42 -0300] "GET /Frontend/Funcionario.php HTTP/1.1" 200 10146
::1 - - [11/Dec/2019:19:29:42 -0300] "GET /Frontend/css/chat.css HTTP/1.1" 404 219
::1 - - [11/Dec/2019:19:29:42 -0300] "GET /raphael/raphael.min.js HTTP/1.1" 404 220
::1 - - [11/Dec/2019:19:29:42 -0300] "GET /Frontend/css/Estilo.css HTTP/1.1" 404 221
::1 - - [11/Dec/2019:19:29:42 -0300] "GET /data/morris-data.js HTTP/1.1" 404 217
::1 - - [11/Dec/2019:19:29:42 -0300] "GET /raphael/raphael.min.js HTTP/1.1" 404 220
::1 - - [11/Dec/2019:19:29:42 -0300] "GET /data/morris-data.js HTTP/1.1" 404 217
::1 - - [11/Dec/2019:19:29:44 -0300] "GET /Frontend/logout.php HTTP/1.1" 302 6
::1 - - [11/Dec/2019:19:29:44 -0300] "GET /index.php HTTP/1.1" 200 2540
::1 - - [11/Dec/2019:19:29:48 -0300] "POST /Frontend/login.php HTTP/1.1" 302 -
::1 - - [11/Dec/2019:19:29:48 -0300] "GET /Frontend/Funcionario.php HTTP/1.1" 200 10402
::1 - - [11/Dec/2019:19:29:48 -0300] "GET /Frontend/css/chat.css HTTP/1.1" 404 219
::1 - - [11/Dec/2019:19:29:48 -0300] "GET /Frontend/css/Estilo.css HTTP/1.1" 404 221
::1 - - [11/Dec/2019:19:29:48 -0300] "GET /raphael/raphael.min.js HTTP/1.1" 404 220
::1 - - [11/Dec/2019:19:29:48 -0300] "GET /data/morris-data.js HTTP/1.1" 404 217
::1 - - [11/Dec/2019:19:29:48 -0300] "GET /raphael/raphael.min.js HTTP/1.1" 404 220
::1 - - [11/Dec/2019:19:29:48 -0300] "GET /data/morris-data.js HTTP/1.1" 404 217
::1 - - [11/Dec/2019:19:30:25 -0300] "POST /backend/alterarproducao.php HTTP/1.1" 200 136
::1 - - [11/Dec/2019:19:30:39 -0300] "GET /Frontend/Funcionario.php HTTP/1.1" 200 10348
::1 - - [11/Dec/2019:19:30:39 -0300] "GET /Frontend/css/chat.css HTTP/1.1" 404 219
::1 - - [11/Dec/2019:19:30:39 -0300] "GET /Frontend/css/Estilo.css HTTP/1.1" 404 221
::1 - - [11/Dec/2019:19:30:39 -0300] "GET /raphael/raphael.min.js HTTP/1.1" 404 220
::1 - - [11/Dec/2019:19:30:39 -0300] "GET /data/morris-data.js HTTP/1.1" 404 217
::1 - - [11/Dec/2019:19:30:39 -0300] "GET /raphael/raphael.min.js HTTP/1.1" 404 220
::1 - - [11/Dec/2019:19:30:39 -0300] "GET /data/morris-data.js HTTP/1.1" 404 217
::1 - - [11/Dec/2019:19:30:49 -0300] "GET /Frontend/livros_producao.php HTTP/1.1" 200 12971
::1 - - [11/Dec/2019:19:30:49 -0300] "GET /Frontend/css/chat.css HTTP/1.1" 404 219
::1 - - [11/Dec/2019:19:30:49 -0300] "GET /Frontend/css/Estilo.css HTTP/1.1" 404 221
::1 - - [11/Dec/2019:19:30:49 -0300] "GET /raphael/raphael.min.js HTTP/1.1" 404 220
::1 - - [11/Dec/2019:19:30:49 -0300] "GET /data/morris-data.js HTTP/1.1" 404 217
::1 - - [11/Dec/2019:19:30:49 -0300] "GET /raphael/raphael.min.js HTTP/1.1" 404 220
::1 - - [11/Dec/2019:19:30:49 -0300] "GET /data/morris-data.js HTTP/1.1" 404 217
::1 - - [11/Dec/2019:19:30:58 -0300] "GET /Frontend/logout.php HTTP/1.1" 302 6
::1 - - [11/Dec/2019:19:30:58 -0300] "GET /index.php HTTP/1.1" 200 2540
::1 - - [11/Dec/2019:19:31:02 -0300] "POST /Frontend/login.php HTTP/1.1" 302 -
::1 - - [11/Dec/2019:19:31:02 -0300] "GET /Frontend/Funcionario.php HTTP/1.1" 200 10271
::1 - - [11/Dec/2019:19:31:02 -0300] "GET /Frontend/css/chat.css HTTP/1.1" 404 219
::1 - - [11/Dec/2019:19:31:02 -0300] "GET /Frontend/css/Estilo.css HTTP/1.1" 404 221
::1 - - [11/Dec/2019:19:31:02 -0300] "GET /raphael/raphael.min.js HTTP/1.1" 404 220
::1 - - [11/Dec/2019:19:31:02 -0300] "GET /data/morris-data.js HTTP/1.1" 404 217
::1 - - [11/Dec/2019:19:31:03 -0300] "GET /raphael/raphael.min.js HTTP/1.1" 404 220
::1 - - [11/Dec/2019:19:31:03 -0300] "GET /data/morris-data.js HTTP/1.1" 404 217
::1 - - [11/Dec/2019:19:31:18 -0300] "POST /backend/alterarproducao.php HTTP/1.1" 200 136
::1 - - [11/Dec/2019:19:31:19 -0300] "GET /Frontend/Funcionario.php HTTP/1.1" 200 10217
::1 - - [11/Dec/2019:19:31:19 -0300] "GET /Frontend/css/chat.css HTTP/1.1" 404 219
::1 - - [11/Dec/2019:19:31:19 -0300] "GET /Frontend/css/Estilo.css HTTP/1.1" 404 221
::1 - - [11/Dec/2019:19:31:19 -0300] "GET /raphael/raphael.min.js HTTP/1.1" 404 220
::1 - - [11/Dec/2019:19:31:19 -0300] "GET /data/morris-data.js HTTP/1.1" 404 217
::1 - - [11/Dec/2019:19:31:19 -0300] "GET /raphael/raphael.min.js HTTP/1.1" 404 220
::1 - - [11/Dec/2019:19:31:20 -0300] "GET /data/morris-data.js HTTP/1.1" 404 217
::1 - - [11/Dec/2019:19:31:37 -0300] "GET /Frontend/livros_producao.php HTTP/1.1" 200 13010
::1 - - [11/Dec/2019:19:31:37 -0300] "GET /Frontend/css/chat.css HTTP/1.1" 404 219
::1 - - [11/Dec/2019:19:31:37 -0300] "GET /raphael/raphael.min.js HTTP/1.1" 404 220
::1 - - [11/Dec/2019:19:31:37 -0300] "GET /Frontend/css/Estilo.css HTTP/1.1" 404 221
::1 - - [11/Dec/2019:19:31:37 -0300] "GET /data/morris-data.js HTTP/1.1" 404 217
::1 - - [11/Dec/2019:19:31:37 -0300] "GET /raphael/raphael.min.js HTTP/1.1" 404 220
::1 - - [11/Dec/2019:19:31:37 -0300] "GET /data/morris-data.js HTTP/1.1" 404 217
::1 - - [11/Dec/2019:19:31:44 -0300] "GET /Frontend/logout.php HTTP/1.1" 302 6
::1 - - [11/Dec/2019:19:31:44 -0300] "GET /index.php HTTP/1.1" 200 2540
::1 - - [11/Dec/2019:19:31:48 -0300] "POST /Frontend/login.php HTTP/1.1" 302 -
::1 - - [11/Dec/2019:19:31:48 -0300] "GET /Frontend/Administrador.php HTTP/1.1" 200 16273
::1 - - [11/Dec/2019:19:31:48 -0300] "GET /Frontend/vmetisMenu/metisMenu.min.js HTTP/1.1" 404 234
::1 - - [11/Dec/2019:19:31:48 -0300] "GET /raphael/raphael.min.js HTTP/1.1" 404 220
::1 - - [11/Dec/2019:19:31:48 -0300] "GET /data/morris-data.js HTTP/1.1" 404 217
::1 - - [11/Dec/2019:19:31:49 -0300] "GET /Frontend/vmetisMenu/metisMenu.min.js HTTP/1.1" 404 234
::1 - - [11/Dec/2019:19:31:49 -0300] "GET /raphael/raphael.min.js HTTP/1.1" 404 220
::1 - - [11/Dec/2019:19:31:49 -0300] "GET /data/morris-data.js HTTP/1.1" 404 217
::1 - - [11/Dec/2019:19:32:39 -0300] "GET /Frontend/enviar_livro_administrador.php HTTP/1.1" 200 7193
::1 - - [11/Dec/2019:19:32:39 -0300] "GET /https://ajax.googleapis.com/ajax/libs/jquery/2.2.0/jquery.min.js HTTP/1.1" 403 266
::1 - - [11/Dec/2019:19:32:39 -0300] "GET /raphael/raphael.min.js HTTP/1.1" 404 220
::1 - - [11/Dec/2019:19:32:39 -0300] "GET /data/morris-data.js HTTP/1.1" 404 217
::1 - - [11/Dec/2019:19:32:39 -0300] "GET /https://ajax.googleapis.com/ajax/libs/jquery/2.2.0/jquery.min.js HTTP/1.1" 403 266
::1 - - [11/Dec/2019:19:32:39 -0300] "GET /raphael/raphael.min.js HTTP/1.1" 404 220
::1 - - [11/Dec/2019:19:32:39 -0300] "GET /data/morris-data.js HTTP/1.1" 404 217
::1 - - [11/Dec/2019:19:33:30 -0300] "POST /Frontend/confirmar_envio_livro_aprovacao.php HTTP/1.1" 200 115
::1 - - [11/Dec/2019:19:33:32 -0300] "GET /Frontend/Administrador.php HTTP/1.1" 200 16271
::1 - - [11/Dec/2019:19:33:32 -0300] "GET /Frontend/vmetisMenu/metisMenu.min.js HTTP/1.1" 404 234
::1 - - [11/Dec/2019:19:33:32 -0300] "GET /raphael/raphael.min.js HTTP/1.1" 404 220
::1 - - [11/Dec/2019:19:33:32 -0300] "GET /data/morris-data.js HTTP/1.1" 404 217
::1 - - [11/Dec/2019:19:33:32 -0300] "GET /Frontend/vmetisMenu/metisMenu.min.js HTTP/1.1" 404 234
::1 - - [11/Dec/2019:19:33:32 -0300] "GET /raphael/raphael.min.js HTTP/1.1" 404 220
::1 - - [11/Dec/2019:19:33:32 -0300] "GET /data/morris-data.js HTTP/1.1" 404 217
::1 - - [11/Dec/2019:19:33:39 -0300] "GET /Frontend/logout.php HTTP/1.1" 302 6
::1 - - [11/Dec/2019:19:33:39 -0300] "GET /index.php HTTP/1.1" 200 2540
::1 - - [11/Dec/2019:19:33:42 -0300] "POST /Frontend/login.php HTTP/1.1" 200 105
::1 - - [11/Dec/2019:19:33:43 -0300] "GET /index.php HTTP/1.1" 200 2540
::1 - - [11/Dec/2019:19:33:49 -0300] "POST /Frontend/login.php HTTP/1.1" 302 -
::1 - - [11/Dec/2019:19:33:49 -0300] "GET /Frontend/Autor.php HTTP/1.1" 200 6531
::1 - - [11/Dec/2019:19:33:49 -0300] "GET /https://ajax.googleapis.com/ajax/libs/jquery/2.2.0/jquery.min.js HTTP/1.1" 403 266
::1 - - [11/Dec/2019:19:33:49 -0300] "GET /data/morris-data.js HTTP/1.1" 404 217
::1 - - [11/Dec/2019:19:33:49 -0300] "GET /raphael/raphael.min.js HTTP/1.1" 404 220
::1 - - [11/Dec/2019:19:33:49 -0300] "GET /https://ajax.googleapis.com/ajax/libs/jquery/2.2.0/jquery.min.js HTTP/1.1" 403 266
::1 - - [11/Dec/2019:19:33:49 -0300] "GET /raphael/raphael.min.js HTTP/1.1" 404 220
::1 - - [11/Dec/2019:19:33:49 -0300] "GET /data/morris-data.js HTTP/1.1" 404 217
::1 - - [11/Dec/2019:19:33:52 -0300] "GET /Frontend/aprovar_livro_autor.php HTTP/1.1" 200 7033
::1 - - [11/Dec/2019:19:33:52 -0300] "GET /https://ajax.googleapis.com/ajax/libs/jquery/2.2.0/jquery.min.js HTTP/1.1" 403 266
::1 - - [11/Dec/2019:19:33:52 -0300] "GET /raphael/raphael.min.js HTTP/1.1" 404 220
::1 - - [11/Dec/2019:19:33:52 -0300] "GET /data/morris-data.js HTTP/1.1" 404 217
::1 - - [11/Dec/2019:19:33:53 -0300] "GET /https://ajax.googleapis.com/ajax/libs/jquery/2.2.0/jquery.min.js HTTP/1.1" 403 266
::1 - - [11/Dec/2019:19:33:53 -0300] "GET /raphael/raphael.min.js HTTP/1.1" 404 220
::1 - - [11/Dec/2019:19:33:53 -0300] "GET /data/morris-data.js HTTP/1.1" 404 217
::1 - - [11/Dec/2019:19:35:56 -0300] "GET /Frontend/mensagens_autor.php HTTP/1.1" 200 8595
::1 - - [11/Dec/2019:19:35:56 -0300] "GET /Frontend/css/chat.css HTTP/1.1" 404 219
::1 - - [11/Dec/2019:19:35:56 -0300] "GET /data/morris-data.js HTTP/1.1" 404 217
::1 - - [11/Dec/2019:19:35:56 -0300] "GET /https://ajax.googleapis.com/ajax/libs/jquery/2.2.0/jquery.min.js HTTP/1.1" 403 266
::1 - - [11/Dec/2019:19:35:56 -0300] "GET /Frontend/css/Estilo.css HTTP/1.1" 404 221
::1 - - [11/Dec/2019:19:35:56 -0300] "GET /raphael/raphael.min.js HTTP/1.1" 404 220
::1 - - [11/Dec/2019:19:35:56 -0300] "GET /https://ajax.googleapis.com/ajax/libs/jquery/2.2.0/jquery.min.js HTTP/1.1" 403 266
::1 - - [11/Dec/2019:19:35:56 -0300] "GET /raphael/raphael.min.js HTTP/1.1" 404 220
::1 - - [11/Dec/2019:19:35:56 -0300] "GET /data/morris-data.js HTTP/1.1" 404 217
::1 - - [11/Dec/2019:19:36:12 -0300] "GET /Frontend/chat_autor.php HTTP/1.1" 200 5957
::1 - - [11/Dec/2019:19:36:12 -0300] "GET /https://ajax.googleapis.com/ajax/libs/jquery/2.2.0/jquery.min.js HTTP/1.1" 403 266
::1 - - [11/Dec/2019:19:36:12 -0300] "GET /raphael/raphael.min.js HTTP/1.1" 404 220
::1 - - [11/Dec/2019:19:36:12 -0300] "GET /data/morris-data.js HTTP/1.1" 404 217
::1 - - [11/Dec/2019:19:36:12 -0300] "GET /https://ajax.googleapis.com/ajax/libs/jquery/2.2.0/jquery.min.js HTTP/1.1" 403 266
::1 - - [11/Dec/2019:19:36:12 -0300] "GET /raphael/raphael.min.js HTTP/1.1" 404 220
::1 - - [11/Dec/2019:19:36:12 -0300] "GET /data/morris-data.js HTTP/1.1" 404 217
::1 - - [11/Dec/2019:19:36:50 -0300] "GET /Frontend/mensagens_autor.php HTTP/1.1" 200 8595
::1 - - [11/Dec/2019:19:36:50 -0300] "GET /Frontend/css/chat.css HTTP/1.1" 404 219
::1 - - [11/Dec/2019:19:36:50 -0300] "GET /raphael/raphael.min.js HTTP/1.1" 404 220
::1 - - [11/Dec/2019:19:36:50 -0300] "GET /https://ajax.googleapis.com/ajax/libs/jquery/2.2.0/jquery.min.js HTTP/1.1" 403 266
::1 - - [11/Dec/2019:19:36:50 -0300] "GET /Frontend/css/Estilo.css HTTP/1.1" 404 221
::1 - - [11/Dec/2019:19:36:50 -0300] "GET /data/morris-data.js HTTP/1.1" 404 217
::1 - - [11/Dec/2019:19:36:50 -0300] "GET /https://ajax.googleapis.com/ajax/libs/jquery/2.2.0/jquery.min.js HTTP/1.1" 403 266
::1 - - [11/Dec/2019:19:36:50 -0300] "GET /raphael/raphael.min.js HTTP/1.1" 404 220
::1 - - [11/Dec/2019:19:36:50 -0300] "GET /data/morris-data.js HTTP/1.1" 404 217
::1 - - [11/Dec/2019:19:36:59 -0300] "GET /Frontend/pesquisar_livros_autor.php HTTP/1.1" 200 12536
::1 - - [11/Dec/2019:19:36:59 -0300] "GET /Frontend/css/chat.css HTTP/1.1" 404 219
::1 - - [11/Dec/2019:19:36:59 -0300] "GET /raphael/raphael.min.js HTTP/1.1" 404 220
::1 - - [11/Dec/2019:19:36:59 -0300] "GET /Frontend/css/Estilo.css HTTP/1.1" 404 221
::1 - - [11/Dec/2019:19:36:59 -0300] "GET /data/morris-data.js HTTP/1.1" 404 217
::1 - - [11/Dec/2019:19:36:59 -0300] "GET /raphael/raphael.min.js HTTP/1.1" 404 220
::1 - - [11/Dec/2019:19:36:59 -0300] "GET /data/morris-data.js HTTP/1.1" 404 217
::1 - - [11/Dec/2019:19:37:03 -0300] "POST /Frontend/pesquisa_de_livro_autor.php HTTP/1.1" 200 6162
::1 - - [11/Dec/2019:19:37:03 -0300] "GET /Frontend/css/chat.css HTTP/1.1" 404 219
::1 - - [11/Dec/2019:19:37:03 -0300] "GET /Frontend/css/Estilo.css HTTP/1.1" 404 221
::1 - - [11/Dec/2019:19:37:03 -0300] "GET /raphael/raphael.min.js HTTP/1.1" 404 220
::1 - - [11/Dec/2019:19:37:03 -0300] "GET /data/morris-data.js HTTP/1.1" 404 217
::1 - - [11/Dec/2019:19:37:03 -0300] "GET /raphael/raphael.min.js HTTP/1.1" 404 220
::1 - - [11/Dec/2019:19:37:03 -0300] "GET /data/morris-data.js HTTP/1.1" 404 217
::1 - - [11/Dec/2019:19:37:12 -0300] "GET /Frontend/aprovar_livro_autor.php HTTP/1.1" 200 7033
::1 - - [11/Dec/2019:19:37:12 -0300] "GET /https://ajax.googleapis.com/ajax/libs/jquery/2.2.0/jquery.min.js HTTP/1.1" 403 266
::1 - - [11/Dec/2019:19:37:12 -0300] "GET /raphael/raphael.min.js HTTP/1.1" 404 220
::1 - - [11/Dec/2019:19:37:12 -0300] "GET /data/morris-data.js HTTP/1.1" 404 217
::1 - - [11/Dec/2019:19:37:12 -0300] "GET /https://ajax.googleapis.com/ajax/libs/jquery/2.2.0/jquery.min.js HTTP/1.1" 403 266
::1 - - [11/Dec/2019:19:37:13 -0300] "GET /raphael/raphael.min.js HTTP/1.1" 404 220
::1 - - [11/Dec/2019:19:37:13 -0300] "GET /data/morris-data.js HTTP/1.1" 404 217
::1 - - [11/Dec/2019:19:37:22 -0300] "POST /Frontend/aprovado_livro_autor.php HTTP/1.1" 200 182
::1 - - [11/Dec/2019:19:37:25 -0300] "GET /Frontend/aprovar_livro_autor.php HTTP/1.1" 200 6814
::1 - - [11/Dec/2019:19:37:25 -0300] "GET /https://ajax.googleapis.com/ajax/libs/jquery/2.2.0/jquery.min.js HTTP/1.1" 403 266
::1 - - [11/Dec/2019:19:37:25 -0300] "GET /raphael/raphael.min.js HTTP/1.1" 404 220
::1 - - [11/Dec/2019:19:37:25 -0300] "GET /data/morris-data.js HTTP/1.1" 404 217
::1 - - [11/Dec/2019:19:37:25 -0300] "GET /https://ajax.googleapis.com/ajax/libs/jquery/2.2.0/jquery.min.js HTTP/1.1" 403 266
::1 - - [11/Dec/2019:19:37:25 -0300] "GET /raphael/raphael.min.js HTTP/1.1" 404 220
::1 - - [11/Dec/2019:19:37:25 -0300] "GET /data/morris-data.js HTTP/1.1" 404 217
::1 - - [11/Dec/2019:19:37:33 -0300] "GET /Frontend/logout.php HTTP/1.1" 302 6
::1 - - [11/Dec/2019:19:37:33 -0300] "GET /index.php HTTP/1.1" 200 2540
::1 - - [11/Dec/2019:19:37:36 -0300] "POST /Frontend/login.php HTTP/1.1" 302 -
::1 - - [11/Dec/2019:19:37:36 -0300] "GET /Frontend/Administrador.php HTTP/1.1" 200 16257
::1 - - [11/Dec/2019:19:37:36 -0300] "GET /Frontend/vmetisMenu/metisMenu.min.js HTTP/1.1" 404 234
::1 - - [11/Dec/2019:19:37:36 -0300] "GET /data/morris-data.js HTTP/1.1" 404 217
::1 - - [11/Dec/2019:19:37:36 -0300] "GET /raphael/raphael.min.js HTTP/1.1" 404 220
::1 - - [11/Dec/2019:19:37:36 -0300] "GET /Frontend/vmetisMenu/metisMenu.min.js HTTP/1.1" 404 234
::1 - - [11/Dec/2019:19:37:36 -0300] "GET /raphael/raphael.min.js HTTP/1.1" 404 220
::1 - - [11/Dec/2019:19:37:36 -0300] "GET /data/morris-data.js HTTP/1.1" 404 217
::1 - - [11/Dec/2019:19:37:39 -0300] "GET /Frontend/css/chat.css HTTP/1.1" 404 219
::1 - - [11/Dec/2019:19:37:39 -0300] "GET /Frontend/css/Estilo.css HTTP/1.1" 404 221
::1 - - [11/Dec/2019:19:37:39 -0300] "GET /Frontend/pesquisar_livros_administrador.php HTTP/1.1" 200 19505
::1 - - [11/Dec/2019:19:37:39 -0300] "GET /raphael/raphael.min.js HTTP/1.1" 404 220
::1 - - [11/Dec/2019:19:37:39 -0300] "GET /data/morris-data.js HTTP/1.1" 404 217
::1 - - [11/Dec/2019:19:37:54 -0300] "POST /Frontend/pesquisa_de_livro.php HTTP/1.1" 200 12419
::1 - - [11/Dec/2019:19:37:54 -0300] "GET /Frontend/css/chat.css HTTP/1.1" 404 219
::1 - - [11/Dec/2019:19:37:54 -0300] "GET /raphael/raphael.min.js HTTP/1.1" 404 220
::1 - - [11/Dec/2019:19:37:54 -0300] "GET /Frontend/css/Estilo.css HTTP/1.1" 404 221
::1 - - [11/Dec/2019:19:37:54 -0300] "GET /data/morris-data.js HTTP/1.1" 404 217
::1 - - [11/Dec/2019:19:37:54 -0300] "GET /raphael/raphael.min.js HTTP/1.1" 404 220
::1 - - [11/Dec/2019:19:37:54 -0300] "GET /data/morris-data.js HTTP/1.1" 404 217
::1 - - [11/Dec/2019:19:38:32 -0300] "GET /Frontend/css/Estilo.css HTTP/1.1" 404 221
::1 - - [11/Dec/2019:19:38:32 -0300] "GET /Frontend/css/chat.css HTTP/1.1" 404 219
::1 - - [11/Dec/2019:19:38:32 -0300] "GET /Frontend/pesquisar_livros_administrador.php HTTP/1.1" 200 19505
::1 - - [11/Dec/2019:19:38:32 -0300] "GET /raphael/raphael.min.js HTTP/1.1" 404 220
::1 - - [11/Dec/2019:19:38:32 -0300] "GET /data/morris-data.js HTTP/1.1" 404 217
::1 - - [11/Dec/2019:19:38:32 -0300] "GET /raphael/raphael.min.js HTTP/1.1" 404 220
::1 - - [11/Dec/2019:19:38:32 -0300] "GET /data/morris-data.js HTTP/1.1" 404 217
