[Wed Dec 11 18:21:27.799068 2019] [mpm_winnt:notice] [pid 216:tid 848] AH00455: Apache/2.4.6 (Win32) PHP/5.4.17 configured -- resuming normal operations
[Wed Dec 11 18:21:27.799068 2019] [mpm_winnt:notice] [pid 216:tid 848] AH00456: Apache Lounge VC10 Server built: Jul 16 2013 11:15:41
[Wed Dec 11 18:21:27.799068 2019] [core:notice] [pid 216:tid 848] AH00094: Command line: 'C:\\Users\\USER\\Desktop\\TCC_Marcelo_Ferreira_10-12-2019/apache2/bin/httpd_usbwv8.exe -d C:/Users/USER/Desktop/TCC_Marcelo_Ferreira_10-12-2019/apache2'
[Wed Dec 11 18:21:27.955310 2019] [mpm_winnt:notice] [pid 216:tid 848] AH00418: Parent: Created child process 6348
[Wed Dec 11 18:21:29.198191 2019] [mpm_winnt:notice] [pid 6348:tid 868] AH00354: Child: Starting 64 worker threads.
[Wed Dec 11 18:30:02.887641 2019] [core:error] [pid 6348:tid 1368] (20024)The given path is misformatted or contained invalid characters: [client ::1:58445] AH00127: Cannot map GET /https://ajax.googleapis.com/ajax/libs/jquery/2.2.0/jquery.min.js HTTP/1.1 to file, referer: http://localhost:8080/Frontend/mensagens_administrador.php
[Wed Dec 11 18:30:02.954601 2019] [core:error] [pid 6348:tid 1348] (20024)The given path is misformatted or contained invalid characters: [client ::1:58448] AH00127: Cannot map GET /https://ajax.googleapis.com/ajax/libs/jquery/2.2.0/jquery.min.js HTTP/1.1 to file, referer: http://localhost:8080/Frontend/mensagens_administrador.php
[Wed Dec 11 18:35:43.223538 2019] [core:error] [pid 6348:tid 1348] (20024)The given path is misformatted or contained invalid characters: [client ::1:58489] AH00127: Cannot map GET /https://ajax.googleapis.com/ajax/libs/jquery/2.2.0/jquery.min.js HTTP/1.1 to file, referer: http://localhost:8080/Frontend/chat.php
[Wed Dec 11 19:05:07.335731 2019] [core:error] [pid 6348:tid 1356] (20024)The given path is misformatted or contained invalid characters: [client ::1:58886] AH00127: Cannot map GET /https://ajax.googleapis.com/ajax/libs/jquery/2.2.0/jquery.min.js HTTP/1.1 to file, referer: http://localhost:8080/Frontend/cadastrar_usuarios1.php
[Wed Dec 11 19:05:07.396692 2019] [core:error] [pid 6348:tid 1368] (20024)The given path is misformatted or contained invalid characters: [client ::1:58888] AH00127: Cannot map GET /https://ajax.googleapis.com/ajax/libs/jquery/2.2.0/jquery.min.js HTTP/1.1 to file, referer: http://localhost:8080/Frontend/cadastrar_usuarios1.php
[Wed Dec 11 19:22:49.042299 2019] [core:error] [pid 6348:tid 1356] (20024)The given path is misformatted or contained invalid characters: [client ::1:59013] AH00127: Cannot map GET /https://ajax.googleapis.com/ajax/libs/jquery/2.2.0/jquery.min.js HTTP/1.1 to file, referer: http://localhost:8080/Frontend/cadastrar_usuarios1.php
[Wed Dec 11 19:22:49.111256 2019] [core:error] [pid 6348:tid 1368] (20024)The given path is misformatted or contained invalid characters: [client ::1:59016] AH00127: Cannot map GET /https://ajax.googleapis.com/ajax/libs/jquery/2.2.0/jquery.min.js HTTP/1.1 to file, referer: http://localhost:8080/Frontend/cadastrar_usuarios1.php
[Wed Dec 11 19:23:12.988023 2019] [core:error] [pid 6348:tid 1368] (20024)The given path is misformatted or contained invalid characters: [client ::1:59020] AH00127: Cannot map GET /https://ajax.googleapis.com/ajax/libs/jquery/2.2.0/jquery.min.js HTTP/1.1 to file, referer: http://localhost:8080/Frontend/cadastrar_usuarios1.php
[Wed Dec 11 19:23:13.050983 2019] [core:error] [pid 6348:tid 1356] (20024)The given path is misformatted or contained invalid characters: [client ::1:59025] AH00127: Cannot map GET /https://ajax.googleapis.com/ajax/libs/jquery/2.2.0/jquery.min.js HTTP/1.1 to file, referer: http://localhost:8080/Frontend/cadastrar_usuarios1.php
[Wed Dec 11 19:23:22.275883 2019] [core:error] [pid 6348:tid 1348] (20024)The given path is misformatted or contained invalid characters: [client ::1:59029] AH00127: Cannot map GET /https://ajax.googleapis.com/ajax/libs/jquery/2.2.0/jquery.min.js HTTP/1.1 to file, referer: http://localhost:8080/Frontend/mensagens_administrador.php
[Wed Dec 11 19:23:22.334847 2019] [core:error] [pid 6348:tid 1368] (20024)The given path is misformatted or contained invalid characters: [client ::1:59032] AH00127: Cannot map GET /https://ajax.googleapis.com/ajax/libs/jquery/2.2.0/jquery.min.js HTTP/1.1 to file, referer: http://localhost:8080/Frontend/mensagens_administrador.php
[Wed Dec 11 19:23:37.788737 2019] [core:error] [pid 6348:tid 1368] (20024)The given path is misformatted or contained invalid characters: [client ::1:59036] AH00127: Cannot map GET /https://ajax.googleapis.com/ajax/libs/jquery/2.2.0/jquery.min.js HTTP/1.1 to file, referer: http://localhost:8080/Frontend/chat.php
[Wed Dec 11 19:23:37.826708 2019] [core:error] [pid 6348:tid 1348] (20024)The given path is misformatted or contained invalid characters: [client ::1:59038] AH00127: Cannot map GET /https://ajax.googleapis.com/ajax/libs/jquery/2.2.0/jquery.min.js HTTP/1.1 to file, referer: http://localhost:8080/Frontend/chat.php
[Wed Dec 11 19:25:01.689312 2019] [core:error] [pid 6348:tid 1368] (20024)The given path is misformatted or contained invalid characters: [client ::1:59064] AH00127: Cannot map GET /https://ajax.googleapis.com/ajax/libs/jquery/2.2.0/jquery.min.js HTTP/1.1 to file, referer: http://localhost:8080/Frontend/Autor.php
[Wed Dec 11 19:25:01.749275 2019] [core:error] [pid 6348:tid 1348] (20024)The given path is misformatted or contained invalid characters: [client ::1:59067] AH00127: Cannot map GET /https://ajax.googleapis.com/ajax/libs/jquery/2.2.0/jquery.min.js HTTP/1.1 to file, referer: http://localhost:8080/Frontend/Autor.php
[Wed Dec 11 19:25:11.452732 2019] [core:error] [pid 6348:tid 1348] (20024)The given path is misformatted or contained invalid characters: [client ::1:59072] AH00127: Cannot map GET /https://ajax.googleapis.com/ajax/libs/jquery/2.2.0/jquery.min.js HTTP/1.1 to file, referer: http://localhost:8080/Frontend/Autor.php
[Wed Dec 11 19:25:11.500703 2019] [core:error] [pid 6348:tid 1356] (20024)The given path is misformatted or contained invalid characters: [client ::1:59075] AH00127: Cannot map GET /https://ajax.googleapis.com/ajax/libs/jquery/2.2.0/jquery.min.js HTTP/1.1 to file, referer: http://localhost:8080/Frontend/Autor.php
[Wed Dec 11 19:26:15.261979 2019] [core:error] [pid 6348:tid 1356] (20024)The given path is misformatted or contained invalid characters: [client ::1:59088] AH00127: Cannot map GET /https://ajax.googleapis.com/ajax/libs/jquery/2.2.0/jquery.min.js HTTP/1.1 to file, referer: http://localhost:8080/Frontend/Autor.php
[Wed Dec 11 19:26:15.307954 2019] [core:error] [pid 6348:tid 1368] (20024)The given path is misformatted or contained invalid characters: [client ::1:59094] AH00127: Cannot map GET /https://ajax.googleapis.com/ajax/libs/jquery/2.2.0/jquery.min.js HTTP/1.1 to file, referer: http://localhost:8080/Frontend/Autor.php
[Wed Dec 11 19:26:47.483526 2019] [:error] [pid 6348:tid 1368] [client ::1:59100] PHP Notice:  Undefined index: pk_livro in C:\\Users\\USER\\Desktop\\TCC_Marcelo_Ferreira_10-12-2019\\root\\Backend\\pesquisar_livros_autor.php on line 24, referer: http://localhost:8080/Frontend/Autor.php
[Wed Dec 11 19:26:47.489523 2019] [:error] [pid 6348:tid 1368] [client ::1:59100] PHP Notice:  Undefined index: pk_livro in C:\\Users\\USER\\Desktop\\TCC_Marcelo_Ferreira_10-12-2019\\root\\Backend\\pesquisar_livros_autor.php on line 24, referer: http://localhost:8080/Frontend/Autor.php
[Wed Dec 11 19:26:47.489523 2019] [:error] [pid 6348:tid 1368] [client ::1:59100] PHP Notice:  Undefined index: pk_livro in C:\\Users\\USER\\Desktop\\TCC_Marcelo_Ferreira_10-12-2019\\root\\Backend\\pesquisar_livros_autor.php on line 24, referer: http://localhost:8080/Frontend/Autor.php
[Wed Dec 11 19:26:47.489523 2019] [:error] [pid 6348:tid 1368] [client ::1:59100] PHP Notice:  Undefined index: pk_livro in C:\\Users\\USER\\Desktop\\TCC_Marcelo_Ferreira_10-12-2019\\root\\Backend\\pesquisar_livros_autor.php on line 24, referer: http://localhost:8080/Frontend/Autor.php
[Wed Dec 11 19:26:47.489523 2019] [:error] [pid 6348:tid 1368] [client ::1:59100] PHP Notice:  Undefined index: pk_livro in C:\\Users\\USER\\Desktop\\TCC_Marcelo_Ferreira_10-12-2019\\root\\Backend\\pesquisar_livros_autor.php on line 24, referer: http://localhost:8080/Frontend/Autor.php
[Wed Dec 11 19:26:47.490523 2019] [:error] [pid 6348:tid 1368] [client ::1:59100] PHP Notice:  Undefined index: pk_livro in C:\\Users\\USER\\Desktop\\TCC_Marcelo_Ferreira_10-12-2019\\root\\Backend\\pesquisar_livros_autor.php on line 24, referer: http://localhost:8080/Frontend/Autor.php
[Wed Dec 11 19:26:47.491525 2019] [:error] [pid 6348:tid 1368] [client ::1:59100] PHP Notice:  Undefined index: pk_livro in C:\\Users\\USER\\Desktop\\TCC_Marcelo_Ferreira_10-12-2019\\root\\Backend\\pesquisar_livros_autor.php on line 38, referer: http://localhost:8080/Frontend/Autor.php
[Wed Dec 11 19:26:47.491525 2019] [:error] [pid 6348:tid 1368] [client ::1:59100] PHP Notice:  Undefined index: pk_livro in C:\\Users\\USER\\Desktop\\TCC_Marcelo_Ferreira_10-12-2019\\root\\Backend\\pesquisar_livros_autor.php on line 38, referer: http://localhost:8080/Frontend/Autor.php
[Wed Dec 11 19:26:47.491525 2019] [:error] [pid 6348:tid 1368] [client ::1:59100] PHP Notice:  Undefined index: pk_livro in C:\\Users\\USER\\Desktop\\TCC_Marcelo_Ferreira_10-12-2019\\root\\Backend\\pesquisar_livros_autor.php on line 38, referer: http://localhost:8080/Frontend/Autor.php
[Wed Dec 11 19:26:47.491525 2019] [:error] [pid 6348:tid 1368] [client ::1:59100] PHP Notice:  Undefined index: pk_livro in C:\\Users\\USER\\Desktop\\TCC_Marcelo_Ferreira_10-12-2019\\root\\Backend\\pesquisar_livros_autor.php on line 38, referer: http://localhost:8080/Frontend/Autor.php
[Wed Dec 11 19:26:47.491525 2019] [:error] [pid 6348:tid 1368] [client ::1:59100] PHP Notice:  Undefined index: pk_livro in C:\\Users\\USER\\Desktop\\TCC_Marcelo_Ferreira_10-12-2019\\root\\Backend\\pesquisar_livros_autor.php on line 38, referer: http://localhost:8080/Frontend/Autor.php
[Wed Dec 11 19:26:47.491525 2019] [:error] [pid 6348:tid 1368] [client ::1:59100] PHP Notice:  Undefined index: pk_livro in C:\\Users\\USER\\Desktop\\TCC_Marcelo_Ferreira_10-12-2019\\root\\Backend\\pesquisar_livros_autor.php on line 38, referer: http://localhost:8080/Frontend/Autor.php
[Wed Dec 11 19:26:47.492523 2019] [:error] [pid 6348:tid 1368] [client ::1:59100] PHP Notice:  Undefined index: pk_livro in C:\\Users\\USER\\Desktop\\TCC_Marcelo_Ferreira_10-12-2019\\root\\Backend\\pesquisar_livros_autor.php on line 38, referer: http://localhost:8080/Frontend/Autor.php
[Wed Dec 11 19:26:47.492523 2019] [:error] [pid 6348:tid 1368] [client ::1:59100] PHP Notice:  Undefined index: pk_livro in C:\\Users\\USER\\Desktop\\TCC_Marcelo_Ferreira_10-12-2019\\root\\Backend\\pesquisar_livros_autor.php on line 38, referer: http://localhost:8080/Frontend/Autor.php
[Wed Dec 11 19:26:47.492523 2019] [:error] [pid 6348:tid 1368] [client ::1:59100] PHP Notice:  Undefined index: pk_livro in C:\\Users\\USER\\Desktop\\TCC_Marcelo_Ferreira_10-12-2019\\root\\Backend\\pesquisar_livros_autor.php on line 38, referer: http://localhost:8080/Frontend/Autor.php
[Wed Dec 11 19:26:47.492523 2019] [:error] [pid 6348:tid 1368] [client ::1:59100] PHP Notice:  Undefined index: pk_livro in C:\\Users\\USER\\Desktop\\TCC_Marcelo_Ferreira_10-12-2019\\root\\Backend\\pesquisar_livros_autor.php on line 38, referer: http://localhost:8080/Frontend/Autor.php
[Wed Dec 11 19:26:47.493519 2019] [:error] [pid 6348:tid 1368] [client ::1:59100] PHP Notice:  Undefined index: pk_livro in C:\\Users\\USER\\Desktop\\TCC_Marcelo_Ferreira_10-12-2019\\root\\Backend\\pesquisar_livros_autor.php on line 52, referer: http://localhost:8080/Frontend/Autor.php
[Wed Dec 11 19:26:47.493519 2019] [:error] [pid 6348:tid 1368] [client ::1:59100] PHP Notice:  Undefined index: pk_livro in C:\\Users\\USER\\Desktop\\TCC_Marcelo_Ferreira_10-12-2019\\root\\Backend\\pesquisar_livros_autor.php on line 52, referer: http://localhost:8080/Frontend/Autor.php
[Wed Dec 11 19:26:47.493519 2019] [:error] [pid 6348:tid 1368] [client ::1:59100] PHP Notice:  Undefined index: pk_livro in C:\\Users\\USER\\Desktop\\TCC_Marcelo_Ferreira_10-12-2019\\root\\Backend\\pesquisar_livros_autor.php on line 52, referer: http://localhost:8080/Frontend/Autor.php
[Wed Dec 11 19:26:47.494518 2019] [:error] [pid 6348:tid 1368] [client ::1:59100] PHP Notice:  Undefined index: pk_livro in C:\\Users\\USER\\Desktop\\TCC_Marcelo_Ferreira_10-12-2019\\root\\Backend\\pesquisar_livros_autor.php on line 67, referer: http://localhost:8080/Frontend/Autor.php
[Wed Dec 11 19:26:47.494518 2019] [:error] [pid 6348:tid 1368] [client ::1:59100] PHP Notice:  Undefined index: pk_livro in C:\\Users\\USER\\Desktop\\TCC_Marcelo_Ferreira_10-12-2019\\root\\Backend\\pesquisar_livros_autor.php on line 67, referer: http://localhost:8080/Frontend/Autor.php
[Wed Dec 11 19:26:47.494518 2019] [:error] [pid 6348:tid 1368] [client ::1:59100] PHP Notice:  Undefined index: pk_livro in C:\\Users\\USER\\Desktop\\TCC_Marcelo_Ferreira_10-12-2019\\root\\Backend\\pesquisar_livros_autor.php on line 67, referer: http://localhost:8080/Frontend/Autor.php
[Wed Dec 11 19:26:47.494518 2019] [:error] [pid 6348:tid 1368] [client ::1:59100] PHP Notice:  Undefined index: pk_livro in C:\\Users\\USER\\Desktop\\TCC_Marcelo_Ferreira_10-12-2019\\root\\Backend\\pesquisar_livros_autor.php on line 67, referer: http://localhost:8080/Frontend/Autor.php
[Wed Dec 11 19:26:47.494518 2019] [:error] [pid 6348:tid 1368] [client ::1:59100] PHP Notice:  Undefined index: pk_livro in C:\\Users\\USER\\Desktop\\TCC_Marcelo_Ferreira_10-12-2019\\root\\Backend\\pesquisar_livros_autor.php on line 67, referer: http://localhost:8080/Frontend/Autor.php
[Wed Dec 11 19:27:09.799563 2019] [:error] [pid 6348:tid 1368] [client ::1:59111] PHP Notice:  Undefined index: pk_livro in C:\\Users\\USER\\Desktop\\TCC_Marcelo_Ferreira_10-12-2019\\root\\Backend\\pesquisar_livros_autor.php on line 24, referer: http://localhost:8080/Frontend/pesquisa_de_livro_autor.php
[Wed Dec 11 19:27:09.799563 2019] [:error] [pid 6348:tid 1368] [client ::1:59111] PHP Notice:  Undefined index: pk_livro in C:\\Users\\USER\\Desktop\\TCC_Marcelo_Ferreira_10-12-2019\\root\\Backend\\pesquisar_livros_autor.php on line 24, referer: http://localhost:8080/Frontend/pesquisa_de_livro_autor.php
[Wed Dec 11 19:27:09.799563 2019] [:error] [pid 6348:tid 1368] [client ::1:59111] PHP Notice:  Undefined index: pk_livro in C:\\Users\\USER\\Desktop\\TCC_Marcelo_Ferreira_10-12-2019\\root\\Backend\\pesquisar_livros_autor.php on line 24, referer: http://localhost:8080/Frontend/pesquisa_de_livro_autor.php
[Wed Dec 11 19:27:09.799563 2019] [:error] [pid 6348:tid 1368] [client ::1:59111] PHP Notice:  Undefined index: pk_livro in C:\\Users\\USER\\Desktop\\TCC_Marcelo_Ferreira_10-12-2019\\root\\Backend\\pesquisar_livros_autor.php on line 24, referer: http://localhost:8080/Frontend/pesquisa_de_livro_autor.php
[Wed Dec 11 19:27:09.799563 2019] [:error] [pid 6348:tid 1368] [client ::1:59111] PHP Notice:  Undefined index: pk_livro in C:\\Users\\USER\\Desktop\\TCC_Marcelo_Ferreira_10-12-2019\\root\\Backend\\pesquisar_livros_autor.php on line 24, referer: http://localhost:8080/Frontend/pesquisa_de_livro_autor.php
[Wed Dec 11 19:27:09.799563 2019] [:error] [pid 6348:tid 1368] [client ::1:59111] PHP Notice:  Undefined index: pk_livro in C:\\Users\\USER\\Desktop\\TCC_Marcelo_Ferreira_10-12-2019\\root\\Backend\\pesquisar_livros_autor.php on line 24, referer: http://localhost:8080/Frontend/pesquisa_de_livro_autor.php
[Wed Dec 11 19:27:09.800563 2019] [:error] [pid 6348:tid 1368] [client ::1:59111] PHP Notice:  Undefined index: pk_livro in C:\\Users\\USER\\Desktop\\TCC_Marcelo_Ferreira_10-12-2019\\root\\Backend\\pesquisar_livros_autor.php on line 38, referer: http://localhost:8080/Frontend/pesquisa_de_livro_autor.php
[Wed Dec 11 19:27:09.800563 2019] [:error] [pid 6348:tid 1368] [client ::1:59111] PHP Notice:  Undefined index: pk_livro in C:\\Users\\USER\\Desktop\\TCC_Marcelo_Ferreira_10-12-2019\\root\\Backend\\pesquisar_livros_autor.php on line 38, referer: http://localhost:8080/Frontend/pesquisa_de_livro_autor.php
[Wed Dec 11 19:27:09.800563 2019] [:error] [pid 6348:tid 1368] [client ::1:59111] PHP Notice:  Undefined index: pk_livro in C:\\Users\\USER\\Desktop\\TCC_Marcelo_Ferreira_10-12-2019\\root\\Backend\\pesquisar_livros_autor.php on line 38, referer: http://localhost:8080/Frontend/pesquisa_de_livro_autor.php
[Wed Dec 11 19:27:09.800563 2019] [:error] [pid 6348:tid 1368] [client ::1:59111] PHP Notice:  Undefined index: pk_livro in C:\\Users\\USER\\Desktop\\TCC_Marcelo_Ferreira_10-12-2019\\root\\Backend\\pesquisar_livros_autor.php on line 38, referer: http://localhost:8080/Frontend/pesquisa_de_livro_autor.php
[Wed Dec 11 19:27:09.800563 2019] [:error] [pid 6348:tid 1368] [client ::1:59111] PHP Notice:  Undefined index: pk_livro in C:\\Users\\USER\\Desktop\\TCC_Marcelo_Ferreira_10-12-2019\\root\\Backend\\pesquisar_livros_autor.php on line 38, referer: http://localhost:8080/Frontend/pesquisa_de_livro_autor.php
[Wed Dec 11 19:27:09.800563 2019] [:error] [pid 6348:tid 1368] [client ::1:59111] PHP Notice:  Undefined index: pk_livro in C:\\Users\\USER\\Desktop\\TCC_Marcelo_Ferreira_10-12-2019\\root\\Backend\\pesquisar_livros_autor.php on line 38, referer: http://localhost:8080/Frontend/pesquisa_de_livro_autor.php
[Wed Dec 11 19:27:09.800563 2019] [:error] [pid 6348:tid 1368] [client ::1:59111] PHP Notice:  Undefined index: pk_livro in C:\\Users\\USER\\Desktop\\TCC_Marcelo_Ferreira_10-12-2019\\root\\Backend\\pesquisar_livros_autor.php on line 38, referer: http://localhost:8080/Frontend/pesquisa_de_livro_autor.php
[Wed Dec 11 19:27:09.800563 2019] [:error] [pid 6348:tid 1368] [client ::1:59111] PHP Notice:  Undefined index: pk_livro in C:\\Users\\USER\\Desktop\\TCC_Marcelo_Ferreira_10-12-2019\\root\\Backend\\pesquisar_livros_autor.php on line 38, referer: http://localhost:8080/Frontend/pesquisa_de_livro_autor.php
[Wed Dec 11 19:27:09.800563 2019] [:error] [pid 6348:tid 1368] [client ::1:59111] PHP Notice:  Undefined index: pk_livro in C:\\Users\\USER\\Desktop\\TCC_Marcelo_Ferreira_10-12-2019\\root\\Backend\\pesquisar_livros_autor.php on line 38, referer: http://localhost:8080/Frontend/pesquisa_de_livro_autor.php
[Wed Dec 11 19:27:09.800563 2019] [:error] [pid 6348:tid 1368] [client ::1:59111] PHP Notice:  Undefined index: pk_livro in C:\\Users\\USER\\Desktop\\TCC_Marcelo_Ferreira_10-12-2019\\root\\Backend\\pesquisar_livros_autor.php on line 38, referer: http://localhost:8080/Frontend/pesquisa_de_livro_autor.php
[Wed Dec 11 19:27:09.801563 2019] [:error] [pid 6348:tid 1368] [client ::1:59111] PHP Notice:  Undefined index: pk_livro in C:\\Users\\USER\\Desktop\\TCC_Marcelo_Ferreira_10-12-2019\\root\\Backend\\pesquisar_livros_autor.php on line 52, referer: http://localhost:8080/Frontend/pesquisa_de_livro_autor.php
[Wed Dec 11 19:27:09.801563 2019] [:error] [pid 6348:tid 1368] [client ::1:59111] PHP Notice:  Undefined index: pk_livro in C:\\Users\\USER\\Desktop\\TCC_Marcelo_Ferreira_10-12-2019\\root\\Backend\\pesquisar_livros_autor.php on line 52, referer: http://localhost:8080/Frontend/pesquisa_de_livro_autor.php
[Wed Dec 11 19:27:09.801563 2019] [:error] [pid 6348:tid 1368] [client ::1:59111] PHP Notice:  Undefined index: pk_livro in C:\\Users\\USER\\Desktop\\TCC_Marcelo_Ferreira_10-12-2019\\root\\Backend\\pesquisar_livros_autor.php on line 52, referer: http://localhost:8080/Frontend/pesquisa_de_livro_autor.php
[Wed Dec 11 19:27:09.802561 2019] [:error] [pid 6348:tid 1368] [client ::1:59111] PHP Notice:  Undefined index: pk_livro in C:\\Users\\USER\\Desktop\\TCC_Marcelo_Ferreira_10-12-2019\\root\\Backend\\pesquisar_livros_autor.php on line 67, referer: http://localhost:8080/Frontend/pesquisa_de_livro_autor.php
[Wed Dec 11 19:27:09.802561 2019] [:error] [pid 6348:tid 1368] [client ::1:59111] PHP Notice:  Undefined index: pk_livro in C:\\Users\\USER\\Desktop\\TCC_Marcelo_Ferreira_10-12-2019\\root\\Backend\\pesquisar_livros_autor.php on line 67, referer: http://localhost:8080/Frontend/pesquisa_de_livro_autor.php
[Wed Dec 11 19:27:09.802561 2019] [:error] [pid 6348:tid 1368] [client ::1:59111] PHP Notice:  Undefined index: pk_livro in C:\\Users\\USER\\Desktop\\TCC_Marcelo_Ferreira_10-12-2019\\root\\Backend\\pesquisar_livros_autor.php on line 67, referer: http://localhost:8080/Frontend/pesquisa_de_livro_autor.php
[Wed Dec 11 19:27:09.802561 2019] [:error] [pid 6348:tid 1368] [client ::1:59111] PHP Notice:  Undefined index: pk_livro in C:\\Users\\USER\\Desktop\\TCC_Marcelo_Ferreira_10-12-2019\\root\\Backend\\pesquisar_livros_autor.php on line 67, referer: http://localhost:8080/Frontend/pesquisa_de_livro_autor.php
[Wed Dec 11 19:27:09.802561 2019] [:error] [pid 6348:tid 1368] [client ::1:59111] PHP Notice:  Undefined index: pk_livro in C:\\Users\\USER\\Desktop\\TCC_Marcelo_Ferreira_10-12-2019\\root\\Backend\\pesquisar_livros_autor.php on line 67, referer: http://localhost:8080/Frontend/pesquisa_de_livro_autor.php
[Wed Dec 11 19:27:17.396313 2019] [core:error] [pid 6348:tid 1356] (20024)The given path is misformatted or contained invalid characters: [client ::1:59120] AH00127: Cannot map GET /https://ajax.googleapis.com/ajax/libs/jquery/2.2.0/jquery.min.js HTTP/1.1 to file, referer: http://localhost:8080/Frontend/mensagens_autor.php
[Wed Dec 11 19:27:17.436288 2019] [core:error] [pid 6348:tid 1368] (20024)The given path is misformatted or contained invalid characters: [client ::1:59121] AH00127: Cannot map GET /https://ajax.googleapis.com/ajax/libs/jquery/2.2.0/jquery.min.js HTTP/1.1 to file, referer: http://localhost:8080/Frontend/mensagens_autor.php
[Wed Dec 11 19:32:39.466830 2019] [core:error] [pid 6348:tid 1348] (20024)The given path is misformatted or contained invalid characters: [client ::1:59220] AH00127: Cannot map GET /https://ajax.googleapis.com/ajax/libs/jquery/2.2.0/jquery.min.js HTTP/1.1 to file, referer: http://localhost:8080/Frontend/enviar_livro_administrador.php
[Wed Dec 11 19:32:39.518798 2019] [core:error] [pid 6348:tid 1356] (20024)The given path is misformatted or contained invalid characters: [client ::1:59224] AH00127: Cannot map GET /https://ajax.googleapis.com/ajax/libs/jquery/2.2.0/jquery.min.js HTTP/1.1 to file, referer: http://localhost:8080/Frontend/enviar_livro_administrador.php
[Wed Dec 11 19:33:49.551025 2019] [core:error] [pid 6348:tid 1348] (20024)The given path is misformatted or contained invalid characters: [client ::1:59242] AH00127: Cannot map GET /https://ajax.googleapis.com/ajax/libs/jquery/2.2.0/jquery.min.js HTTP/1.1 to file, referer: http://localhost:8080/Frontend/Autor.php
[Wed Dec 11 19:33:49.594998 2019] [core:error] [pid 6348:tid 1368] (20024)The given path is misformatted or contained invalid characters: [client ::1:59245] AH00127: Cannot map GET /https://ajax.googleapis.com/ajax/libs/jquery/2.2.0/jquery.min.js HTTP/1.1 to file, referer: http://localhost:8080/Frontend/Autor.php
[Wed Dec 11 19:33:52.961710 2019] [core:error] [pid 6348:tid 1368] (20024)The given path is misformatted or contained invalid characters: [client ::1:59245] AH00127: Cannot map GET /https://ajax.googleapis.com/ajax/libs/jquery/2.2.0/jquery.min.js HTTP/1.1 to file, referer: http://localhost:8080/Frontend/aprovar_livro_autor.php
[Wed Dec 11 19:33:53.035667 2019] [core:error] [pid 6348:tid 1348] (20024)The given path is misformatted or contained invalid characters: [client ::1:59242] AH00127: Cannot map GET /https://ajax.googleapis.com/ajax/libs/jquery/2.2.0/jquery.min.js HTTP/1.1 to file, referer: http://localhost:8080/Frontend/aprovar_livro_autor.php
[Wed Dec 11 19:35:56.646914 2019] [core:error] [pid 6348:tid 1356] (20024)The given path is misformatted or contained invalid characters: [client ::1:59265] AH00127: Cannot map GET /https://ajax.googleapis.com/ajax/libs/jquery/2.2.0/jquery.min.js HTTP/1.1 to file, referer: http://localhost:8080/Frontend/mensagens_autor.php
[Wed Dec 11 19:35:56.706876 2019] [core:error] [pid 6348:tid 1368] (20024)The given path is misformatted or contained invalid characters: [client ::1:59264] AH00127: Cannot map GET /https://ajax.googleapis.com/ajax/libs/jquery/2.2.0/jquery.min.js HTTP/1.1 to file, referer: http://localhost:8080/Frontend/mensagens_autor.php
[Wed Dec 11 19:36:12.605777 2019] [core:error] [pid 6348:tid 1368] (20024)The given path is misformatted or contained invalid characters: [client ::1:59268] AH00127: Cannot map GET /https://ajax.googleapis.com/ajax/libs/jquery/2.2.0/jquery.min.js HTTP/1.1 to file, referer: http://localhost:8080/Frontend/chat_autor.php
[Wed Dec 11 19:36:12.642764 2019] [core:error] [pid 6348:tid 1368] (20024)The given path is misformatted or contained invalid characters: [client ::1:59268] AH00127: Cannot map GET /https://ajax.googleapis.com/ajax/libs/jquery/2.2.0/jquery.min.js HTTP/1.1 to file, referer: http://localhost:8080/Frontend/chat_autor.php
[Wed Dec 11 19:36:50.828272 2019] [core:error] [pid 6348:tid 1356] (20024)The given path is misformatted or contained invalid characters: [client ::1:59279] AH00127: Cannot map GET /https://ajax.googleapis.com/ajax/libs/jquery/2.2.0/jquery.min.js HTTP/1.1 to file, referer: http://localhost:8080/Frontend/mensagens_autor.php
[Wed Dec 11 19:36:50.868247 2019] [core:error] [pid 6348:tid 1348] (20024)The given path is misformatted or contained invalid characters: [client ::1:59280] AH00127: Cannot map GET /https://ajax.googleapis.com/ajax/libs/jquery/2.2.0/jquery.min.js HTTP/1.1 to file, referer: http://localhost:8080/Frontend/mensagens_autor.php
[Wed Dec 11 19:36:59.021069 2019] [:error] [pid 6348:tid 1348] [client ::1:59287] PHP Notice:  Undefined index: pk_livro in C:\\Users\\USER\\Desktop\\TCC_Marcelo_Ferreira_10-12-2019\\root\\Backend\\pesquisar_livros_autor.php on line 24, referer: http://localhost:8080/Frontend/mensagens_autor.php
[Wed Dec 11 19:36:59.022078 2019] [:error] [pid 6348:tid 1348] [client ::1:59287] PHP Notice:  Undefined index: pk_livro in C:\\Users\\USER\\Desktop\\TCC_Marcelo_Ferreira_10-12-2019\\root\\Backend\\pesquisar_livros_autor.php on line 24, referer: http://localhost:8080/Frontend/mensagens_autor.php
[Wed Dec 11 19:36:59.022078 2019] [:error] [pid 6348:tid 1348] [client ::1:59287] PHP Notice:  Undefined index: pk_livro in C:\\Users\\USER\\Desktop\\TCC_Marcelo_Ferreira_10-12-2019\\root\\Backend\\pesquisar_livros_autor.php on line 24, referer: http://localhost:8080/Frontend/mensagens_autor.php
[Wed Dec 11 19:36:59.022078 2019] [:error] [pid 6348:tid 1348] [client ::1:59287] PHP Notice:  Undefined index: pk_livro in C:\\Users\\USER\\Desktop\\TCC_Marcelo_Ferreira_10-12-2019\\root\\Backend\\pesquisar_livros_autor.php on line 24, referer: http://localhost:8080/Frontend/mensagens_autor.php
[Wed Dec 11 19:36:59.022078 2019] [:error] [pid 6348:tid 1348] [client ::1:59287] PHP Notice:  Undefined index: pk_livro in C:\\Users\\USER\\Desktop\\TCC_Marcelo_Ferreira_10-12-2019\\root\\Backend\\pesquisar_livros_autor.php on line 24, referer: http://localhost:8080/Frontend/mensagens_autor.php
[Wed Dec 11 19:36:59.022078 2019] [:error] [pid 6348:tid 1348] [client ::1:59287] PHP Notice:  Undefined index: pk_livro in C:\\Users\\USER\\Desktop\\TCC_Marcelo_Ferreira_10-12-2019\\root\\Backend\\pesquisar_livros_autor.php on line 24, referer: http://localhost:8080/Frontend/mensagens_autor.php
[Wed Dec 11 19:36:59.023072 2019] [:error] [pid 6348:tid 1348] [client ::1:59287] PHP Notice:  Undefined index: pk_livro in C:\\Users\\USER\\Desktop\\TCC_Marcelo_Ferreira_10-12-2019\\root\\Backend\\pesquisar_livros_autor.php on line 38, referer: http://localhost:8080/Frontend/mensagens_autor.php
[Wed Dec 11 19:36:59.023072 2019] [:error] [pid 6348:tid 1348] [client ::1:59287] PHP Notice:  Undefined index: pk_livro in C:\\Users\\USER\\Desktop\\TCC_Marcelo_Ferreira_10-12-2019\\root\\Backend\\pesquisar_livros_autor.php on line 38, referer: http://localhost:8080/Frontend/mensagens_autor.php
[Wed Dec 11 19:36:59.023072 2019] [:error] [pid 6348:tid 1348] [client ::1:59287] PHP Notice:  Undefined index: pk_livro in C:\\Users\\USER\\Desktop\\TCC_Marcelo_Ferreira_10-12-2019\\root\\Backend\\pesquisar_livros_autor.php on line 38, referer: http://localhost:8080/Frontend/mensagens_autor.php
[Wed Dec 11 19:36:59.023072 2019] [:error] [pid 6348:tid 1348] [client ::1:59287] PHP Notice:  Undefined index: pk_livro in C:\\Users\\USER\\Desktop\\TCC_Marcelo_Ferreira_10-12-2019\\root\\Backend\\pesquisar_livros_autor.php on line 38, referer: http://localhost:8080/Frontend/mensagens_autor.php
[Wed Dec 11 19:36:59.024070 2019] [:error] [pid 6348:tid 1348] [client ::1:59287] PHP Notice:  Undefined index: pk_livro in C:\\Users\\USER\\Desktop\\TCC_Marcelo_Ferreira_10-12-2019\\root\\Backend\\pesquisar_livros_autor.php on line 38, referer: http://localhost:8080/Frontend/mensagens_autor.php
[Wed Dec 11 19:36:59.024070 2019] [:error] [pid 6348:tid 1348] [client ::1:59287] PHP Notice:  Undefined index: pk_livro in C:\\Users\\USER\\Desktop\\TCC_Marcelo_Ferreira_10-12-2019\\root\\Backend\\pesquisar_livros_autor.php on line 38, referer: http://localhost:8080/Frontend/mensagens_autor.php
[Wed Dec 11 19:36:59.024070 2019] [:error] [pid 6348:tid 1348] [client ::1:59287] PHP Notice:  Undefined index: pk_livro in C:\\Users\\USER\\Desktop\\TCC_Marcelo_Ferreira_10-12-2019\\root\\Backend\\pesquisar_livros_autor.php on line 38, referer: http://localhost:8080/Frontend/mensagens_autor.php
[Wed Dec 11 19:36:59.024070 2019] [:error] [pid 6348:tid 1348] [client ::1:59287] PHP Notice:  Undefined index: pk_livro in C:\\Users\\USER\\Desktop\\TCC_Marcelo_Ferreira_10-12-2019\\root\\Backend\\pesquisar_livros_autor.php on line 38, referer: http://localhost:8080/Frontend/mensagens_autor.php
[Wed Dec 11 19:36:59.024070 2019] [:error] [pid 6348:tid 1348] [client ::1:59287] PHP Notice:  Undefined index: pk_livro in C:\\Users\\USER\\Desktop\\TCC_Marcelo_Ferreira_10-12-2019\\root\\Backend\\pesquisar_livros_autor.php on line 38, referer: http://localhost:8080/Frontend/mensagens_autor.php
[Wed Dec 11 19:36:59.024070 2019] [:error] [pid 6348:tid 1348] [client ::1:59287] PHP Notice:  Undefined index: pk_livro in C:\\Users\\USER\\Desktop\\TCC_Marcelo_Ferreira_10-12-2019\\root\\Backend\\pesquisar_livros_autor.php on line 38, referer: http://localhost:8080/Frontend/mensagens_autor.php
[Wed Dec 11 19:36:59.024070 2019] [:error] [pid 6348:tid 1348] [client ::1:59287] PHP Notice:  Undefined index: pk_livro in C:\\Users\\USER\\Desktop\\TCC_Marcelo_Ferreira_10-12-2019\\root\\Backend\\pesquisar_livros_autor.php on line 52, referer: http://localhost:8080/Frontend/mensagens_autor.php
[Wed Dec 11 19:36:59.024070 2019] [:error] [pid 6348:tid 1348] [client ::1:59287] PHP Notice:  Undefined index: pk_livro in C:\\Users\\USER\\Desktop\\TCC_Marcelo_Ferreira_10-12-2019\\root\\Backend\\pesquisar_livros_autor.php on line 52, referer: http://localhost:8080/Frontend/mensagens_autor.php
[Wed Dec 11 19:36:59.024070 2019] [:error] [pid 6348:tid 1348] [client ::1:59287] PHP Notice:  Undefined index: pk_livro in C:\\Users\\USER\\Desktop\\TCC_Marcelo_Ferreira_10-12-2019\\root\\Backend\\pesquisar_livros_autor.php on line 52, referer: http://localhost:8080/Frontend/mensagens_autor.php
[Wed Dec 11 19:36:59.025068 2019] [:error] [pid 6348:tid 1348] [client ::1:59287] PHP Notice:  Undefined index: pk_livro in C:\\Users\\USER\\Desktop\\TCC_Marcelo_Ferreira_10-12-2019\\root\\Backend\\pesquisar_livros_autor.php on line 67, referer: http://localhost:8080/Frontend/mensagens_autor.php
[Wed Dec 11 19:36:59.025068 2019] [:error] [pid 6348:tid 1348] [client ::1:59287] PHP Notice:  Undefined index: pk_livro in C:\\Users\\USER\\Desktop\\TCC_Marcelo_Ferreira_10-12-2019\\root\\Backend\\pesquisar_livros_autor.php on line 67, referer: http://localhost:8080/Frontend/mensagens_autor.php
[Wed Dec 11 19:36:59.025068 2019] [:error] [pid 6348:tid 1348] [client ::1:59287] PHP Notice:  Undefined index: pk_livro in C:\\Users\\USER\\Desktop\\TCC_Marcelo_Ferreira_10-12-2019\\root\\Backend\\pesquisar_livros_autor.php on line 67, referer: http://localhost:8080/Frontend/mensagens_autor.php
[Wed Dec 11 19:36:59.025068 2019] [:error] [pid 6348:tid 1348] [client ::1:59287] PHP Notice:  Undefined index: pk_livro in C:\\Users\\USER\\Desktop\\TCC_Marcelo_Ferreira_10-12-2019\\root\\Backend\\pesquisar_livros_autor.php on line 67, referer: http://localhost:8080/Frontend/mensagens_autor.php
[Wed Dec 11 19:36:59.025068 2019] [:error] [pid 6348:tid 1348] [client ::1:59287] PHP Notice:  Undefined index: pk_livro in C:\\Users\\USER\\Desktop\\TCC_Marcelo_Ferreira_10-12-2019\\root\\Backend\\pesquisar_livros_autor.php on line 67, referer: http://localhost:8080/Frontend/mensagens_autor.php
[Wed Dec 11 19:37:12.943574 2019] [core:error] [pid 6348:tid 1348] (20024)The given path is misformatted or contained invalid characters: [client ::1:59293] AH00127: Cannot map GET /https://ajax.googleapis.com/ajax/libs/jquery/2.2.0/jquery.min.js HTTP/1.1 to file, referer: http://localhost:8080/Frontend/aprovar_livro_autor.php
[Wed Dec 11 19:37:12.994539 2019] [core:error] [pid 6348:tid 1336] (20024)The given path is misformatted or contained invalid characters: [client ::1:59295] AH00127: Cannot map GET /https://ajax.googleapis.com/ajax/libs/jquery/2.2.0/jquery.min.js HTTP/1.1 to file, referer: http://localhost:8080/Frontend/aprovar_livro_autor.php
[Wed Dec 11 19:37:25.449498 2019] [core:error] [pid 6348:tid 1336] (20024)The given path is misformatted or contained invalid characters: [client ::1:59297] AH00127: Cannot map GET /https://ajax.googleapis.com/ajax/libs/jquery/2.2.0/jquery.min.js HTTP/1.1 to file, referer: http://localhost:8080/Frontend/aprovar_livro_autor.php
[Wed Dec 11 19:37:25.498471 2019] [core:error] [pid 6348:tid 1348] (20024)The given path is misformatted or contained invalid characters: [client ::1:59302] AH00127: Cannot map GET /https://ajax.googleapis.com/ajax/libs/jquery/2.2.0/jquery.min.js HTTP/1.1 to file, referer: http://localhost:8080/Frontend/aprovar_livro_autor.php
[Wed Dec 11 19:37:39.369845 2019] [:error] [pid 6348:tid 1336] [client ::1:59310] PHP Notice:  Undefined index: pk_livro in C:\\Users\\USER\\Desktop\\TCC_Marcelo_Ferreira_10-12-2019\\root\\Backend\\pesquisar_livros.php on line 25, referer: http://localhost:8080/Frontend/Administrador.php
[Wed Dec 11 19:37:39.369845 2019] [:error] [pid 6348:tid 1336] [client ::1:59310] PHP Notice:  Undefined index: pk_livro in C:\\Users\\USER\\Desktop\\TCC_Marcelo_Ferreira_10-12-2019\\root\\Backend\\pesquisar_livros.php on line 25, referer: http://localhost:8080/Frontend/Administrador.php
[Wed Dec 11 19:37:39.369845 2019] [:error] [pid 6348:tid 1336] [client ::1:59310] PHP Notice:  Undefined index: pk_livro in C:\\Users\\USER\\Desktop\\TCC_Marcelo_Ferreira_10-12-2019\\root\\Backend\\pesquisar_livros.php on line 25, referer: http://localhost:8080/Frontend/Administrador.php
[Wed Dec 11 19:37:39.369845 2019] [:error] [pid 6348:tid 1336] [client ::1:59310] PHP Notice:  Undefined index: pk_livro in C:\\Users\\USER\\Desktop\\TCC_Marcelo_Ferreira_10-12-2019\\root\\Backend\\pesquisar_livros.php on line 25, referer: http://localhost:8080/Frontend/Administrador.php
[Wed Dec 11 19:37:39.369845 2019] [:error] [pid 6348:tid 1336] [client ::1:59310] PHP Notice:  Undefined index: pk_livro in C:\\Users\\USER\\Desktop\\TCC_Marcelo_Ferreira_10-12-2019\\root\\Backend\\pesquisar_livros.php on line 25, referer: http://localhost:8080/Frontend/Administrador.php
[Wed Dec 11 19:37:39.369845 2019] [:error] [pid 6348:tid 1336] [client ::1:59310] PHP Notice:  Undefined index: pk_livro in C:\\Users\\USER\\Desktop\\TCC_Marcelo_Ferreira_10-12-2019\\root\\Backend\\pesquisar_livros.php on line 25, referer: http://localhost:8080/Frontend/Administrador.php
[Wed Dec 11 19:37:39.369845 2019] [:error] [pid 6348:tid 1336] [client ::1:59310] PHP Notice:  Undefined index: pk_livro in C:\\Users\\USER\\Desktop\\TCC_Marcelo_Ferreira_10-12-2019\\root\\Backend\\pesquisar_livros.php on line 25, referer: http://localhost:8080/Frontend/Administrador.php
[Wed Dec 11 19:37:39.369845 2019] [:error] [pid 6348:tid 1336] [client ::1:59310] PHP Notice:  Undefined index: pk_livro in C:\\Users\\USER\\Desktop\\TCC_Marcelo_Ferreira_10-12-2019\\root\\Backend\\pesquisar_livros.php on line 25, referer: http://localhost:8080/Frontend/Administrador.php
[Wed Dec 11 19:37:39.369845 2019] [:error] [pid 6348:tid 1336] [client ::1:59310] PHP Notice:  Undefined index: pk_livro in C:\\Users\\USER\\Desktop\\TCC_Marcelo_Ferreira_10-12-2019\\root\\Backend\\pesquisar_livros.php on line 25, referer: http://localhost:8080/Frontend/Administrador.php
[Wed Dec 11 19:37:39.369845 2019] [:error] [pid 6348:tid 1336] [client ::1:59310] PHP Notice:  Undefined index: pk_livro in C:\\Users\\USER\\Desktop\\TCC_Marcelo_Ferreira_10-12-2019\\root\\Backend\\pesquisar_livros.php on line 25, referer: http://localhost:8080/Frontend/Administrador.php
[Wed Dec 11 19:37:39.370845 2019] [:error] [pid 6348:tid 1336] [client ::1:59310] PHP Notice:  Undefined index: pk_livro in C:\\Users\\USER\\Desktop\\TCC_Marcelo_Ferreira_10-12-2019\\root\\Backend\\pesquisar_livros.php on line 40, referer: http://localhost:8080/Frontend/Administrador.php
[Wed Dec 11 19:37:39.370845 2019] [:error] [pid 6348:tid 1336] [client ::1:59310] PHP Notice:  Undefined index: pk_livro in C:\\Users\\USER\\Desktop\\TCC_Marcelo_Ferreira_10-12-2019\\root\\Backend\\pesquisar_livros.php on line 40, referer: http://localhost:8080/Frontend/Administrador.php
[Wed Dec 11 19:37:39.370845 2019] [:error] [pid 6348:tid 1336] [client ::1:59310] PHP Notice:  Undefined index: pk_livro in C:\\Users\\USER\\Desktop\\TCC_Marcelo_Ferreira_10-12-2019\\root\\Backend\\pesquisar_livros.php on line 40, referer: http://localhost:8080/Frontend/Administrador.php
[Wed Dec 11 19:37:39.370845 2019] [:error] [pid 6348:tid 1336] [client ::1:59310] PHP Notice:  Undefined index: pk_livro in C:\\Users\\USER\\Desktop\\TCC_Marcelo_Ferreira_10-12-2019\\root\\Backend\\pesquisar_livros.php on line 55, referer: http://localhost:8080/Frontend/Administrador.php
[Wed Dec 11 19:37:39.370845 2019] [:error] [pid 6348:tid 1336] [client ::1:59310] PHP Notice:  Undefined index: pk_livro in C:\\Users\\USER\\Desktop\\TCC_Marcelo_Ferreira_10-12-2019\\root\\Backend\\pesquisar_livros.php on line 55, referer: http://localhost:8080/Frontend/Administrador.php
[Wed Dec 11 19:37:39.370845 2019] [:error] [pid 6348:tid 1336] [client ::1:59310] PHP Notice:  Undefined index: pk_livro in C:\\Users\\USER\\Desktop\\TCC_Marcelo_Ferreira_10-12-2019\\root\\Backend\\pesquisar_livros.php on line 55, referer: http://localhost:8080/Frontend/Administrador.php
[Wed Dec 11 19:37:39.370845 2019] [:error] [pid 6348:tid 1336] [client ::1:59310] PHP Notice:  Undefined index: pk_livro in C:\\Users\\USER\\Desktop\\TCC_Marcelo_Ferreira_10-12-2019\\root\\Backend\\pesquisar_livros.php on line 55, referer: http://localhost:8080/Frontend/Administrador.php
[Wed Dec 11 19:37:39.370845 2019] [:error] [pid 6348:tid 1336] [client ::1:59310] PHP Notice:  Undefined index: pk_livro in C:\\Users\\USER\\Desktop\\TCC_Marcelo_Ferreira_10-12-2019\\root\\Backend\\pesquisar_livros.php on line 55, referer: http://localhost:8080/Frontend/Administrador.php
[Wed Dec 11 19:37:39.371840 2019] [:error] [pid 6348:tid 1336] [client ::1:59310] PHP Notice:  Undefined index: pk_livro in C:\\Users\\USER\\Desktop\\TCC_Marcelo_Ferreira_10-12-2019\\root\\Backend\\pesquisar_livros.php on line 70, referer: http://localhost:8080/Frontend/Administrador.php
[Wed Dec 11 19:37:39.371840 2019] [:error] [pid 6348:tid 1336] [client ::1:59310] PHP Notice:  Undefined index: pk_livro in C:\\Users\\USER\\Desktop\\TCC_Marcelo_Ferreira_10-12-2019\\root\\Backend\\pesquisar_livros.php on line 70, referer: http://localhost:8080/Frontend/Administrador.php
[Wed Dec 11 19:37:39.371840 2019] [:error] [pid 6348:tid 1336] [client ::1:59310] PHP Notice:  Undefined index: pk_livro in C:\\Users\\USER\\Desktop\\TCC_Marcelo_Ferreira_10-12-2019\\root\\Backend\\pesquisar_livros.php on line 70, referer: http://localhost:8080/Frontend/Administrador.php
[Wed Dec 11 19:37:39.371840 2019] [:error] [pid 6348:tid 1336] [client ::1:59310] PHP Notice:  Undefined index: pk_livro in C:\\Users\\USER\\Desktop\\TCC_Marcelo_Ferreira_10-12-2019\\root\\Backend\\pesquisar_livros.php on line 70, referer: http://localhost:8080/Frontend/Administrador.php
[Wed Dec 11 19:37:39.371840 2019] [:error] [pid 6348:tid 1336] [client ::1:59310] PHP Notice:  Undefined index: pk_livro in C:\\Users\\USER\\Desktop\\TCC_Marcelo_Ferreira_10-12-2019\\root\\Backend\\pesquisar_livros.php on line 70, referer: http://localhost:8080/Frontend/Administrador.php
[Wed Dec 11 19:37:39.371840 2019] [:error] [pid 6348:tid 1336] [client ::1:59310] PHP Notice:  Undefined index: pk_livro in C:\\Users\\USER\\Desktop\\TCC_Marcelo_Ferreira_10-12-2019\\root\\Backend\\pesquisar_livros.php on line 70, referer: http://localhost:8080/Frontend/Administrador.php
[Wed Dec 11 19:37:39.371840 2019] [:error] [pid 6348:tid 1336] [client ::1:59310] PHP Notice:  Undefined index: pk_livro in C:\\Users\\USER\\Desktop\\TCC_Marcelo_Ferreira_10-12-2019\\root\\Backend\\pesquisar_livros.php on line 70, referer: http://localhost:8080/Frontend/Administrador.php
[Wed Dec 11 19:37:39.371840 2019] [:error] [pid 6348:tid 1336] [client ::1:59310] PHP Notice:  Undefined index: pk_livro in C:\\Users\\USER\\Desktop\\TCC_Marcelo_Ferreira_10-12-2019\\root\\Backend\\pesquisar_livros.php on line 70, referer: http://localhost:8080/Frontend/Administrador.php
[Wed Dec 11 19:37:39.371840 2019] [:error] [pid 6348:tid 1336] [client ::1:59310] PHP Notice:  Undefined index: pk_livro in C:\\Users\\USER\\Desktop\\TCC_Marcelo_Ferreira_10-12-2019\\root\\Backend\\pesquisar_livros.php on line 70, referer: http://localhost:8080/Frontend/Administrador.php
[Wed Dec 11 19:37:39.371840 2019] [:error] [pid 6348:tid 1336] [client ::1:59310] PHP Notice:  Undefined index: pk_livro in C:\\Users\\USER\\Desktop\\TCC_Marcelo_Ferreira_10-12-2019\\root\\Backend\\pesquisar_livros.php on line 70, referer: http://localhost:8080/Frontend/Administrador.php
[Wed Dec 11 19:37:39.372839 2019] [:error] [pid 6348:tid 1336] [client ::1:59310] PHP Notice:  Undefined index: pk_livro in C:\\Users\\USER\\Desktop\\TCC_Marcelo_Ferreira_10-12-2019\\root\\Backend\\pesquisar_livros.php on line 88, referer: http://localhost:8080/Frontend/Administrador.php
[Wed Dec 11 19:37:39.372839 2019] [:error] [pid 6348:tid 1336] [client ::1:59310] PHP Notice:  Undefined index: pk_livro in C:\\Users\\USER\\Desktop\\TCC_Marcelo_Ferreira_10-12-2019\\root\\Backend\\pesquisar_livros.php on line 88, referer: http://localhost:8080/Frontend/Administrador.php
[Wed Dec 11 19:37:39.372839 2019] [:error] [pid 6348:tid 1336] [client ::1:59310] PHP Notice:  Undefined index: pk_livro in C:\\Users\\USER\\Desktop\\TCC_Marcelo_Ferreira_10-12-2019\\root\\Backend\\pesquisar_livros.php on line 88, referer: http://localhost:8080/Frontend/Administrador.php
[Wed Dec 11 19:37:39.372839 2019] [:error] [pid 6348:tid 1336] [client ::1:59310] PHP Notice:  Undefined index: pk_livro in C:\\Users\\USER\\Desktop\\TCC_Marcelo_Ferreira_10-12-2019\\root\\Backend\\pesquisar_livros.php on line 88, referer: http://localhost:8080/Frontend/Administrador.php
[Wed Dec 11 19:37:39.372839 2019] [:error] [pid 6348:tid 1336] [client ::1:59310] PHP Notice:  Undefined index: pk_livro in C:\\Users\\USER\\Desktop\\TCC_Marcelo_Ferreira_10-12-2019\\root\\Backend\\pesquisar_livros.php on line 88, referer: http://localhost:8080/Frontend/Administrador.php
[Wed Dec 11 19:37:39.372839 2019] [:error] [pid 6348:tid 1336] [client ::1:59310] PHP Notice:  Undefined index: pk_livro in C:\\Users\\USER\\Desktop\\TCC_Marcelo_Ferreira_10-12-2019\\root\\Backend\\pesquisar_livros.php on line 88, referer: http://localhost:8080/Frontend/Administrador.php
[Wed Dec 11 19:37:39.373840 2019] [:error] [pid 6348:tid 1336] [client ::1:59310] PHP Notice:  Undefined index: pk_livro in C:\\Users\\USER\\Desktop\\TCC_Marcelo_Ferreira_10-12-2019\\root\\Backend\\pesquisar_livros.php on line 101, referer: http://localhost:8080/Frontend/Administrador.php
[Wed Dec 11 19:37:39.373840 2019] [:error] [pid 6348:tid 1336] [client ::1:59310] PHP Notice:  Undefined index: pk_livro in C:\\Users\\USER\\Desktop\\TCC_Marcelo_Ferreira_10-12-2019\\root\\Backend\\pesquisar_livros.php on line 101, referer: http://localhost:8080/Frontend/Administrador.php
[Wed Dec 11 19:37:39.373840 2019] [:error] [pid 6348:tid 1336] [client ::1:59310] PHP Notice:  Undefined index: pk_livro in C:\\Users\\USER\\Desktop\\TCC_Marcelo_Ferreira_10-12-2019\\root\\Backend\\pesquisar_livros.php on line 101, referer: http://localhost:8080/Frontend/Administrador.php
[Wed Dec 11 19:37:39.373840 2019] [:error] [pid 6348:tid 1336] [client ::1:59310] PHP Notice:  Undefined index: pk_livro in C:\\Users\\USER\\Desktop\\TCC_Marcelo_Ferreira_10-12-2019\\root\\Backend\\pesquisar_livros.php on line 119, referer: http://localhost:8080/Frontend/Administrador.php
[Wed Dec 11 19:37:39.373840 2019] [:error] [pid 6348:tid 1336] [client ::1:59310] PHP Notice:  Undefined index: pk_livro in C:\\Users\\USER\\Desktop\\TCC_Marcelo_Ferreira_10-12-2019\\root\\Backend\\pesquisar_livros.php on line 119, referer: http://localhost:8080/Frontend/Administrador.php
[Wed Dec 11 19:37:39.374839 2019] [:error] [pid 6348:tid 1336] [client ::1:59310] PHP Notice:  Undefined index: pk_livro in C:\\Users\\USER\\Desktop\\TCC_Marcelo_Ferreira_10-12-2019\\root\\Backend\\pesquisar_livros.php on line 137, referer: http://localhost:8080/Frontend/Administrador.php
[Wed Dec 11 19:37:39.374839 2019] [:error] [pid 6348:tid 1336] [client ::1:59310] PHP Notice:  Undefined index: pk_livro in C:\\Users\\USER\\Desktop\\TCC_Marcelo_Ferreira_10-12-2019\\root\\Backend\\pesquisar_livros.php on line 137, referer: http://localhost:8080/Frontend/Administrador.php
[Wed Dec 11 19:37:39.466789 2019] [:error] [pid 6348:tid 1336] [client ::1:59310] PHP Notice:  Undefined index: pk_livro in C:\\Users\\USER\\Desktop\\TCC_Marcelo_Ferreira_10-12-2019\\root\\Backend\\pesquisar_livros.php on line 154, referer: http://localhost:8080/Frontend/Administrador.php
[Wed Dec 11 19:37:39.467787 2019] [:error] [pid 6348:tid 1336] [client ::1:59310] PHP Notice:  Undefined index: pk_livro in C:\\Users\\USER\\Desktop\\TCC_Marcelo_Ferreira_10-12-2019\\root\\Backend\\pesquisar_livros.php on line 154, referer: http://localhost:8080/Frontend/Administrador.php
[Wed Dec 11 19:37:39.467787 2019] [:error] [pid 6348:tid 1336] [client ::1:59310] PHP Notice:  Undefined index: pk_livro in C:\\Users\\USER\\Desktop\\TCC_Marcelo_Ferreira_10-12-2019\\root\\Backend\\pesquisar_livros.php on line 154, referer: http://localhost:8080/Frontend/Administrador.php
[Wed Dec 11 19:37:39.467787 2019] [:error] [pid 6348:tid 1336] [client ::1:59310] PHP Notice:  Undefined index: pk_livro in C:\\Users\\USER\\Desktop\\TCC_Marcelo_Ferreira_10-12-2019\\root\\Backend\\pesquisar_livros.php on line 154, referer: http://localhost:8080/Frontend/Administrador.php
[Wed Dec 11 19:37:39.467787 2019] [:error] [pid 6348:tid 1336] [client ::1:59310] PHP Notice:  Undefined index: pk_livro in C:\\Users\\USER\\Desktop\\TCC_Marcelo_Ferreira_10-12-2019\\root\\Backend\\pesquisar_livros.php on line 154, referer: http://localhost:8080/Frontend/Administrador.php
[Wed Dec 11 19:38:32.806036 2019] [:error] [pid 6348:tid 1348] [client ::1:59320] PHP Notice:  Undefined index: pk_livro in C:\\Users\\USER\\Desktop\\TCC_Marcelo_Ferreira_10-12-2019\\root\\Backend\\pesquisar_livros.php on line 25, referer: http://localhost:8080/Frontend/pesquisa_de_livro.php
[Wed Dec 11 19:38:32.806036 2019] [:error] [pid 6348:tid 1348] [client ::1:59320] PHP Notice:  Undefined index: pk_livro in C:\\Users\\USER\\Desktop\\TCC_Marcelo_Ferreira_10-12-2019\\root\\Backend\\pesquisar_livros.php on line 25, referer: http://localhost:8080/Frontend/pesquisa_de_livro.php
[Wed Dec 11 19:38:32.806036 2019] [:error] [pid 6348:tid 1348] [client ::1:59320] PHP Notice:  Undefined index: pk_livro in C:\\Users\\USER\\Desktop\\TCC_Marcelo_Ferreira_10-12-2019\\root\\Backend\\pesquisar_livros.php on line 25, referer: http://localhost:8080/Frontend/pesquisa_de_livro.php
[Wed Dec 11 19:38:32.806036 2019] [:error] [pid 6348:tid 1348] [client ::1:59320] PHP Notice:  Undefined index: pk_livro in C:\\Users\\USER\\Desktop\\TCC_Marcelo_Ferreira_10-12-2019\\root\\Backend\\pesquisar_livros.php on line 25, referer: http://localhost:8080/Frontend/pesquisa_de_livro.php
[Wed Dec 11 19:38:32.806036 2019] [:error] [pid 6348:tid 1348] [client ::1:59320] PHP Notice:  Undefined index: pk_livro in C:\\Users\\USER\\Desktop\\TCC_Marcelo_Ferreira_10-12-2019\\root\\Backend\\pesquisar_livros.php on line 25, referer: http://localhost:8080/Frontend/pesquisa_de_livro.php
[Wed Dec 11 19:38:32.807017 2019] [:error] [pid 6348:tid 1348] [client ::1:59320] PHP Notice:  Undefined index: pk_livro in C:\\Users\\USER\\Desktop\\TCC_Marcelo_Ferreira_10-12-2019\\root\\Backend\\pesquisar_livros.php on line 25, referer: http://localhost:8080/Frontend/pesquisa_de_livro.php
[Wed Dec 11 19:38:32.807017 2019] [:error] [pid 6348:tid 1348] [client ::1:59320] PHP Notice:  Undefined index: pk_livro in C:\\Users\\USER\\Desktop\\TCC_Marcelo_Ferreira_10-12-2019\\root\\Backend\\pesquisar_livros.php on line 25, referer: http://localhost:8080/Frontend/pesquisa_de_livro.php
[Wed Dec 11 19:38:32.807017 2019] [:error] [pid 6348:tid 1348] [client ::1:59320] PHP Notice:  Undefined index: pk_livro in C:\\Users\\USER\\Desktop\\TCC_Marcelo_Ferreira_10-12-2019\\root\\Backend\\pesquisar_livros.php on line 25, referer: http://localhost:8080/Frontend/pesquisa_de_livro.php
[Wed Dec 11 19:38:32.807017 2019] [:error] [pid 6348:tid 1348] [client ::1:59320] PHP Notice:  Undefined index: pk_livro in C:\\Users\\USER\\Desktop\\TCC_Marcelo_Ferreira_10-12-2019\\root\\Backend\\pesquisar_livros.php on line 25, referer: http://localhost:8080/Frontend/pesquisa_de_livro.php
[Wed Dec 11 19:38:32.807017 2019] [:error] [pid 6348:tid 1348] [client ::1:59320] PHP Notice:  Undefined index: pk_livro in C:\\Users\\USER\\Desktop\\TCC_Marcelo_Ferreira_10-12-2019\\root\\Backend\\pesquisar_livros.php on line 25, referer: http://localhost:8080/Frontend/pesquisa_de_livro.php
[Wed Dec 11 19:38:32.807017 2019] [:error] [pid 6348:tid 1348] [client ::1:59320] PHP Notice:  Undefined index: pk_livro in C:\\Users\\USER\\Desktop\\TCC_Marcelo_Ferreira_10-12-2019\\root\\Backend\\pesquisar_livros.php on line 40, referer: http://localhost:8080/Frontend/pesquisa_de_livro.php
[Wed Dec 11 19:38:32.807017 2019] [:error] [pid 6348:tid 1348] [client ::1:59320] PHP Notice:  Undefined index: pk_livro in C:\\Users\\USER\\Desktop\\TCC_Marcelo_Ferreira_10-12-2019\\root\\Backend\\pesquisar_livros.php on line 40, referer: http://localhost:8080/Frontend/pesquisa_de_livro.php
[Wed Dec 11 19:38:32.808017 2019] [:error] [pid 6348:tid 1348] [client ::1:59320] PHP Notice:  Undefined index: pk_livro in C:\\Users\\USER\\Desktop\\TCC_Marcelo_Ferreira_10-12-2019\\root\\Backend\\pesquisar_livros.php on line 40, referer: http://localhost:8080/Frontend/pesquisa_de_livro.php
[Wed Dec 11 19:38:32.808017 2019] [:error] [pid 6348:tid 1348] [client ::1:59320] PHP Notice:  Undefined index: pk_livro in C:\\Users\\USER\\Desktop\\TCC_Marcelo_Ferreira_10-12-2019\\root\\Backend\\pesquisar_livros.php on line 55, referer: http://localhost:8080/Frontend/pesquisa_de_livro.php
[Wed Dec 11 19:38:32.808017 2019] [:error] [pid 6348:tid 1348] [client ::1:59320] PHP Notice:  Undefined index: pk_livro in C:\\Users\\USER\\Desktop\\TCC_Marcelo_Ferreira_10-12-2019\\root\\Backend\\pesquisar_livros.php on line 55, referer: http://localhost:8080/Frontend/pesquisa_de_livro.php
[Wed Dec 11 19:38:32.808017 2019] [:error] [pid 6348:tid 1348] [client ::1:59320] PHP Notice:  Undefined index: pk_livro in C:\\Users\\USER\\Desktop\\TCC_Marcelo_Ferreira_10-12-2019\\root\\Backend\\pesquisar_livros.php on line 55, referer: http://localhost:8080/Frontend/pesquisa_de_livro.php
[Wed Dec 11 19:38:32.808017 2019] [:error] [pid 6348:tid 1348] [client ::1:59320] PHP Notice:  Undefined index: pk_livro in C:\\Users\\USER\\Desktop\\TCC_Marcelo_Ferreira_10-12-2019\\root\\Backend\\pesquisar_livros.php on line 55, referer: http://localhost:8080/Frontend/pesquisa_de_livro.php
[Wed Dec 11 19:38:32.808017 2019] [:error] [pid 6348:tid 1348] [client ::1:59320] PHP Notice:  Undefined index: pk_livro in C:\\Users\\USER\\Desktop\\TCC_Marcelo_Ferreira_10-12-2019\\root\\Backend\\pesquisar_livros.php on line 55, referer: http://localhost:8080/Frontend/pesquisa_de_livro.php
[Wed Dec 11 19:38:32.809016 2019] [:error] [pid 6348:tid 1348] [client ::1:59320] PHP Notice:  Undefined index: pk_livro in C:\\Users\\USER\\Desktop\\TCC_Marcelo_Ferreira_10-12-2019\\root\\Backend\\pesquisar_livros.php on line 70, referer: http://localhost:8080/Frontend/pesquisa_de_livro.php
[Wed Dec 11 19:38:32.809016 2019] [:error] [pid 6348:tid 1348] [client ::1:59320] PHP Notice:  Undefined index: pk_livro in C:\\Users\\USER\\Desktop\\TCC_Marcelo_Ferreira_10-12-2019\\root\\Backend\\pesquisar_livros.php on line 70, referer: http://localhost:8080/Frontend/pesquisa_de_livro.php
[Wed Dec 11 19:38:32.809016 2019] [:error] [pid 6348:tid 1348] [client ::1:59320] PHP Notice:  Undefined index: pk_livro in C:\\Users\\USER\\Desktop\\TCC_Marcelo_Ferreira_10-12-2019\\root\\Backend\\pesquisar_livros.php on line 70, referer: http://localhost:8080/Frontend/pesquisa_de_livro.php
[Wed Dec 11 19:38:32.809016 2019] [:error] [pid 6348:tid 1348] [client ::1:59320] PHP Notice:  Undefined index: pk_livro in C:\\Users\\USER\\Desktop\\TCC_Marcelo_Ferreira_10-12-2019\\root\\Backend\\pesquisar_livros.php on line 70, referer: http://localhost:8080/Frontend/pesquisa_de_livro.php
[Wed Dec 11 19:38:32.809016 2019] [:error] [pid 6348:tid 1348] [client ::1:59320] PHP Notice:  Undefined index: pk_livro in C:\\Users\\USER\\Desktop\\TCC_Marcelo_Ferreira_10-12-2019\\root\\Backend\\pesquisar_livros.php on line 70, referer: http://localhost:8080/Frontend/pesquisa_de_livro.php
[Wed Dec 11 19:38:32.809016 2019] [:error] [pid 6348:tid 1348] [client ::1:59320] PHP Notice:  Undefined index: pk_livro in C:\\Users\\USER\\Desktop\\TCC_Marcelo_Ferreira_10-12-2019\\root\\Backend\\pesquisar_livros.php on line 70, referer: http://localhost:8080/Frontend/pesquisa_de_livro.php
[Wed Dec 11 19:38:32.809016 2019] [:error] [pid 6348:tid 1348] [client ::1:59320] PHP Notice:  Undefined index: pk_livro in C:\\Users\\USER\\Desktop\\TCC_Marcelo_Ferreira_10-12-2019\\root\\Backend\\pesquisar_livros.php on line 70, referer: http://localhost:8080/Frontend/pesquisa_de_livro.php
[Wed Dec 11 19:38:32.809016 2019] [:error] [pid 6348:tid 1348] [client ::1:59320] PHP Notice:  Undefined index: pk_livro in C:\\Users\\USER\\Desktop\\TCC_Marcelo_Ferreira_10-12-2019\\root\\Backend\\pesquisar_livros.php on line 70, referer: http://localhost:8080/Frontend/pesquisa_de_livro.php
[Wed Dec 11 19:38:32.809016 2019] [:error] [pid 6348:tid 1348] [client ::1:59320] PHP Notice:  Undefined index: pk_livro in C:\\Users\\USER\\Desktop\\TCC_Marcelo_Ferreira_10-12-2019\\root\\Backend\\pesquisar_livros.php on line 70, referer: http://localhost:8080/Frontend/pesquisa_de_livro.php
[Wed Dec 11 19:38:32.809016 2019] [:error] [pid 6348:tid 1348] [client ::1:59320] PHP Notice:  Undefined index: pk_livro in C:\\Users\\USER\\Desktop\\TCC_Marcelo_Ferreira_10-12-2019\\root\\Backend\\pesquisar_livros.php on line 70, referer: http://localhost:8080/Frontend/pesquisa_de_livro.php
[Wed Dec 11 19:38:32.810015 2019] [:error] [pid 6348:tid 1348] [client ::1:59320] PHP Notice:  Undefined index: pk_livro in C:\\Users\\USER\\Desktop\\TCC_Marcelo_Ferreira_10-12-2019\\root\\Backend\\pesquisar_livros.php on line 88, referer: http://localhost:8080/Frontend/pesquisa_de_livro.php
[Wed Dec 11 19:38:32.810015 2019] [:error] [pid 6348:tid 1348] [client ::1:59320] PHP Notice:  Undefined index: pk_livro in C:\\Users\\USER\\Desktop\\TCC_Marcelo_Ferreira_10-12-2019\\root\\Backend\\pesquisar_livros.php on line 88, referer: http://localhost:8080/Frontend/pesquisa_de_livro.php
[Wed Dec 11 19:38:32.810015 2019] [:error] [pid 6348:tid 1348] [client ::1:59320] PHP Notice:  Undefined index: pk_livro in C:\\Users\\USER\\Desktop\\TCC_Marcelo_Ferreira_10-12-2019\\root\\Backend\\pesquisar_livros.php on line 88, referer: http://localhost:8080/Frontend/pesquisa_de_livro.php
[Wed Dec 11 19:38:32.810015 2019] [:error] [pid 6348:tid 1348] [client ::1:59320] PHP Notice:  Undefined index: pk_livro in C:\\Users\\USER\\Desktop\\TCC_Marcelo_Ferreira_10-12-2019\\root\\Backend\\pesquisar_livros.php on line 88, referer: http://localhost:8080/Frontend/pesquisa_de_livro.php
[Wed Dec 11 19:38:32.810015 2019] [:error] [pid 6348:tid 1348] [client ::1:59320] PHP Notice:  Undefined index: pk_livro in C:\\Users\\USER\\Desktop\\TCC_Marcelo_Ferreira_10-12-2019\\root\\Backend\\pesquisar_livros.php on line 88, referer: http://localhost:8080/Frontend/pesquisa_de_livro.php
[Wed Dec 11 19:38:32.810015 2019] [:error] [pid 6348:tid 1348] [client ::1:59320] PHP Notice:  Undefined index: pk_livro in C:\\Users\\USER\\Desktop\\TCC_Marcelo_Ferreira_10-12-2019\\root\\Backend\\pesquisar_livros.php on line 88, referer: http://localhost:8080/Frontend/pesquisa_de_livro.php
[Wed Dec 11 19:38:32.811014 2019] [:error] [pid 6348:tid 1348] [client ::1:59320] PHP Notice:  Undefined index: pk_livro in C:\\Users\\USER\\Desktop\\TCC_Marcelo_Ferreira_10-12-2019\\root\\Backend\\pesquisar_livros.php on line 101, referer: http://localhost:8080/Frontend/pesquisa_de_livro.php
[Wed Dec 11 19:38:32.811014 2019] [:error] [pid 6348:tid 1348] [client ::1:59320] PHP Notice:  Undefined index: pk_livro in C:\\Users\\USER\\Desktop\\TCC_Marcelo_Ferreira_10-12-2019\\root\\Backend\\pesquisar_livros.php on line 101, referer: http://localhost:8080/Frontend/pesquisa_de_livro.php
[Wed Dec 11 19:38:32.811014 2019] [:error] [pid 6348:tid 1348] [client ::1:59320] PHP Notice:  Undefined index: pk_livro in C:\\Users\\USER\\Desktop\\TCC_Marcelo_Ferreira_10-12-2019\\root\\Backend\\pesquisar_livros.php on line 101, referer: http://localhost:8080/Frontend/pesquisa_de_livro.php
[Wed Dec 11 19:38:32.811014 2019] [:error] [pid 6348:tid 1348] [client ::1:59320] PHP Notice:  Undefined index: pk_livro in C:\\Users\\USER\\Desktop\\TCC_Marcelo_Ferreira_10-12-2019\\root\\Backend\\pesquisar_livros.php on line 119, referer: http://localhost:8080/Frontend/pesquisa_de_livro.php
[Wed Dec 11 19:38:32.811014 2019] [:error] [pid 6348:tid 1348] [client ::1:59320] PHP Notice:  Undefined index: pk_livro in C:\\Users\\USER\\Desktop\\TCC_Marcelo_Ferreira_10-12-2019\\root\\Backend\\pesquisar_livros.php on line 119, referer: http://localhost:8080/Frontend/pesquisa_de_livro.php
[Wed Dec 11 19:38:32.811014 2019] [:error] [pid 6348:tid 1348] [client ::1:59320] PHP Notice:  Undefined index: pk_livro in C:\\Users\\USER\\Desktop\\TCC_Marcelo_Ferreira_10-12-2019\\root\\Backend\\pesquisar_livros.php on line 137, referer: http://localhost:8080/Frontend/pesquisa_de_livro.php
[Wed Dec 11 19:38:32.811014 2019] [:error] [pid 6348:tid 1348] [client ::1:59320] PHP Notice:  Undefined index: pk_livro in C:\\Users\\USER\\Desktop\\TCC_Marcelo_Ferreira_10-12-2019\\root\\Backend\\pesquisar_livros.php on line 137, referer: http://localhost:8080/Frontend/pesquisa_de_livro.php
[Wed Dec 11 19:38:32.900959 2019] [:error] [pid 6348:tid 1348] [client ::1:59320] PHP Notice:  Undefined index: pk_livro in C:\\Users\\USER\\Desktop\\TCC_Marcelo_Ferreira_10-12-2019\\root\\Backend\\pesquisar_livros.php on line 154, referer: http://localhost:8080/Frontend/pesquisa_de_livro.php
[Wed Dec 11 19:38:32.900959 2019] [:error] [pid 6348:tid 1348] [client ::1:59320] PHP Notice:  Undefined index: pk_livro in C:\\Users\\USER\\Desktop\\TCC_Marcelo_Ferreira_10-12-2019\\root\\Backend\\pesquisar_livros.php on line 154, referer: http://localhost:8080/Frontend/pesquisa_de_livro.php
[Wed Dec 11 19:38:32.900959 2019] [:error] [pid 6348:tid 1348] [client ::1:59320] PHP Notice:  Undefined index: pk_livro in C:\\Users\\USER\\Desktop\\TCC_Marcelo_Ferreira_10-12-2019\\root\\Backend\\pesquisar_livros.php on line 154, referer: http://localhost:8080/Frontend/pesquisa_de_livro.php
[Wed Dec 11 19:38:32.901959 2019] [:error] [pid 6348:tid 1348] [client ::1:59320] PHP Notice:  Undefined index: pk_livro in C:\\Users\\USER\\Desktop\\TCC_Marcelo_Ferreira_10-12-2019\\root\\Backend\\pesquisar_livros.php on line 154, referer: http://localhost:8080/Frontend/pesquisa_de_livro.php
[Wed Dec 11 19:38:32.901959 2019] [:error] [pid 6348:tid 1348] [client ::1:59320] PHP Notice:  Undefined index: pk_livro in C:\\Users\\USER\\Desktop\\TCC_Marcelo_Ferreira_10-12-2019\\root\\Backend\\pesquisar_livros.php on line 154, referer: http://localhost:8080/Frontend/pesquisa_de_livro.php
