2019-08-03 21:35:24 4072 [Note] Plugin 'FEDERATED' is disabled.
2019-08-03 21:35:25 4072 [Note] InnoDB: The InnoDB memory heap is disabled
2019-08-03 21:35:25 4072 [Note] InnoDB: Mutexes and rw_locks use Windows interlocked functions
2019-08-03 21:35:25 4072 [Note] InnoDB: Compressed tables use zlib 1.2.3
2019-08-03 21:35:25 4072 [Note] InnoDB: Not using CPU crc32 instructions
2019-08-03 21:35:25 4072 [Note] InnoDB: Initializing buffer pool, size = 128.0M
2019-08-03 21:35:25 4072 [Note] InnoDB: Completed initialization of buffer pool
2019-08-03 21:35:26 4072 [Note] InnoDB: Highest supported file format is Barracuda.
2019-08-03 21:35:26 4072 [Note] InnoDB: The log sequence numbers 5681911 and 5681911 in ibdata files do not match the log sequence number 5936218 in the ib_logfiles!
2019-08-03 21:35:26 4072 [Note] InnoDB: Database was not shutdown normally!
2019-08-03 21:35:26 4072 [Note] InnoDB: Starting crash recovery.
2019-08-03 21:35:26 4072 [Note] InnoDB: Reading tablespace information from the .ibd files...
2019-08-03 21:35:26 4072 [Note] InnoDB: Restoring possible half-written data pages 
2019-08-03 21:35:26 4072 [Note] InnoDB: from the doublewrite buffer...
2019-08-03 21:35:28 4072 [Note] InnoDB: 128 rollback segment(s) are active.
2019-08-03 21:35:28 4072 [Note] InnoDB: Waiting for purge to start
2019-08-03 21:35:28 4072 [Note] InnoDB: 5.6.13 started; log sequence number 5936218
2019-08-03 21:35:28 4072 [Note] Server hostname (bind-address): '*'; port: 3307
2019-08-03 21:35:28 4072 [Note] IPv6 is available.
2019-08-03 21:35:28 4072 [Note]   - '::' resolves to '::';
2019-08-03 21:35:28 4072 [Note] Server socket created on IP: '::'.
2019-08-03 21:38:21 5364 [Note] Plugin 'FEDERATED' is disabled.
2019-08-03 21:38:21 5364 [Note] InnoDB: The InnoDB memory heap is disabled
2019-08-03 21:38:21 5364 [Note] InnoDB: Mutexes and rw_locks use Windows interlocked functions
2019-08-03 21:38:21 5364 [Note] InnoDB: Compressed tables use zlib 1.2.3
2019-08-03 21:38:21 5364 [Note] InnoDB: Not using CPU crc32 instructions
2019-08-03 21:38:21 5364 [Note] InnoDB: Initializing buffer pool, size = 128.0M
2019-08-03 21:38:21 5364 [Note] InnoDB: Completed initialization of buffer pool
2019-08-03 21:38:22 5364 [Note] InnoDB: Highest supported file format is Barracuda.
2019-08-03 21:38:22 5364 [Note] InnoDB: The log sequence numbers 5681911 and 5681911 in ibdata files do not match the log sequence number 5936228 in the ib_logfiles!
2019-08-03 21:38:22 5364 [Note] InnoDB: Database was not shutdown normally!
2019-08-03 21:38:22 5364 [Note] InnoDB: Starting crash recovery.
2019-08-03 21:38:22 5364 [Note] InnoDB: Reading tablespace information from the .ibd files...
2019-08-03 21:38:22 5364 [Note] InnoDB: Restoring possible half-written data pages 
2019-08-03 21:38:22 5364 [Note] InnoDB: from the doublewrite buffer...
2019-08-03 21:38:22 5364 [Note] InnoDB: 128 rollback segment(s) are active.
2019-08-03 21:38:23 5364 [Note] InnoDB: Waiting for purge to start
2019-08-03 21:38:23 5364 [Note] InnoDB: 5.6.13 started; log sequence number 5936228
2019-08-03 21:38:23 5364 [Note] Server hostname (bind-address): '*'; port: 3307
2019-08-03 21:38:23 5364 [Note] IPv6 is available.
2019-08-03 21:38:23 5364 [Note]   - '::' resolves to '::';
2019-08-03 21:38:23 5364 [Note] Server socket created on IP: '::'.
2019-10-02 10:42:17 4560 [Note] Plugin 'FEDERATED' is disabled.
2019-10-02 10:42:17 4560 [Note] InnoDB: The InnoDB memory heap is disabled
2019-10-02 10:42:17 4560 [Note] InnoDB: Mutexes and rw_locks use Windows interlocked functions
2019-10-02 10:42:17 4560 [Note] InnoDB: Compressed tables use zlib 1.2.3
2019-10-02 10:42:17 4560 [Note] InnoDB: Not using CPU crc32 instructions
2019-10-02 10:42:17 4560 [Note] InnoDB: Initializing buffer pool, size = 128.0M
2019-10-02 10:42:17 4560 [Note] InnoDB: Completed initialization of buffer pool
2019-10-02 10:42:18 4560 [Note] InnoDB: Highest supported file format is Barracuda.
2019-10-02 10:42:19 4560 [Note] InnoDB: The log sequence numbers 6055739 and 6055739 in ibdata files do not match the log sequence number 6096881 in the ib_logfiles!
2019-10-02 10:42:19 4560 [Note] InnoDB: Database was not shutdown normally!
2019-10-02 10:42:19 4560 [Note] InnoDB: Starting crash recovery.
2019-10-02 10:42:19 4560 [Note] InnoDB: Reading tablespace information from the .ibd files...
2019-10-02 10:42:20 4560 [Note] InnoDB: Restoring possible half-written data pages 
2019-10-02 10:42:20 4560 [Note] InnoDB: from the doublewrite buffer...
2019-10-02 10:42:35 4560 [Note] InnoDB: 128 rollback segment(s) are active.
2019-10-02 10:42:35 4560 [Note] InnoDB: Waiting for purge to start
2019-10-02 10:42:35 4560 [Note] InnoDB: 5.6.13 started; log sequence number 6096881
2019-10-02 10:42:35 4560 [Note] Server hostname (bind-address): '*'; port: 3307
2019-10-02 10:42:35 4560 [Note] IPv6 is available.
2019-10-02 10:42:35 4560 [Note]   - '::' resolves to '::';
2019-10-02 10:42:35 4560 [Note] Server socket created on IP: '::'.
2019-10-02 11:34:27 3464 [Note] Plugin 'FEDERATED' is disabled.
2019-10-02 11:34:27 3464 [Note] InnoDB: The InnoDB memory heap is disabled
2019-10-02 11:34:27 3464 [Note] InnoDB: Mutexes and rw_locks use Windows interlocked functions
2019-10-02 11:34:27 3464 [Note] InnoDB: Compressed tables use zlib 1.2.3
2019-10-02 11:34:27 3464 [Note] InnoDB: Not using CPU crc32 instructions
2019-10-02 11:34:27 3464 [Note] InnoDB: Initializing buffer pool, size = 128.0M
2019-10-02 11:34:27 3464 [Note] InnoDB: Completed initialization of buffer pool
2019-10-02 11:34:27 3464 [Note] InnoDB: Highest supported file format is Barracuda.
2019-10-02 11:34:27 3464 [Note] InnoDB: The log sequence numbers 6055739 and 6055739 in ibdata files do not match the log sequence number 6101034 in the ib_logfiles!
2019-10-02 11:34:27 3464 [Note] InnoDB: Database was not shutdown normally!
2019-10-02 11:34:27 3464 [Note] InnoDB: Starting crash recovery.
2019-10-02 11:34:27 3464 [Note] InnoDB: Reading tablespace information from the .ibd files...
2019-10-02 11:34:27 3464 [Note] InnoDB: Restoring possible half-written data pages 
2019-10-02 11:34:27 3464 [Note] InnoDB: from the doublewrite buffer...
2019-10-02 11:34:47 3464 [Note] InnoDB: 128 rollback segment(s) are active.
2019-10-02 11:34:47 3464 [Note] InnoDB: Waiting for purge to start
2019-10-02 11:34:47 3464 [Note] InnoDB: 5.6.13 started; log sequence number 6101034
2019-10-02 11:34:47 3464 [Note] Server hostname (bind-address): '*'; port: 3307
2019-10-02 11:34:47 3464 [Note] IPv6 is available.
2019-10-02 11:34:47 3464 [Note]   - '::' resolves to '::';
2019-10-02 11:34:47 3464 [Note] Server socket created on IP: '::'.
2019-10-02 15:19:19 1052 [Note] Plugin 'FEDERATED' is disabled.
2019-10-02 15:19:19 1052 [Note] InnoDB: The InnoDB memory heap is disabled
2019-10-02 15:19:19 1052 [Note] InnoDB: Mutexes and rw_locks use Windows interlocked functions
2019-10-02 15:19:19 1052 [Note] InnoDB: Compressed tables use zlib 1.2.3
2019-10-02 15:19:19 1052 [Note] InnoDB: Not using CPU crc32 instructions
2019-10-02 15:19:19 1052 [Note] InnoDB: Initializing buffer pool, size = 128.0M
2019-10-02 15:19:19 1052 [Note] InnoDB: Completed initialization of buffer pool
2019-10-02 15:19:19 1052 [Note] InnoDB: Highest supported file format is Barracuda.
2019-10-02 15:19:19 1052 [Note] InnoDB: The log sequence numbers 6055739 and 6055739 in ibdata files do not match the log sequence number 6111466 in the ib_logfiles!
2019-10-02 15:19:19 1052 [Note] InnoDB: Database was not shutdown normally!
2019-10-02 15:19:19 1052 [Note] InnoDB: Starting crash recovery.
2019-10-02 15:19:19 1052 [Note] InnoDB: Reading tablespace information from the .ibd files...
2019-10-02 15:19:19 1052 [Note] InnoDB: Restoring possible half-written data pages 
2019-10-02 15:19:19 1052 [Note] InnoDB: from the doublewrite buffer...
2019-10-02 15:19:21 1052 [Note] InnoDB: 128 rollback segment(s) are active.
2019-10-02 15:19:21 1052 [Note] InnoDB: Waiting for purge to start
2019-10-02 15:19:21 1052 [Note] InnoDB: 5.6.13 started; log sequence number 6111466
2019-10-02 15:19:21 1052 [Note] Server hostname (bind-address): '*'; port: 3307
2019-10-02 15:19:21 1052 [Note] IPv6 is available.
2019-10-02 15:19:21 1052 [Note]   - '::' resolves to '::';
2019-10-02 15:19:21 1052 [Note] Server socket created on IP: '::'.
2019-10-02 16:16:36 9296 [Note] Plugin 'FEDERATED' is disabled.
2019-10-02 16:16:36 9296 [Note] InnoDB: The InnoDB memory heap is disabled
2019-10-02 16:16:36 9296 [Note] InnoDB: Mutexes and rw_locks use Windows interlocked functions
2019-10-02 16:16:36 9296 [Note] InnoDB: Compressed tables use zlib 1.2.3
2019-10-02 16:16:36 9296 [Note] InnoDB: Not using CPU crc32 instructions
2019-10-02 16:16:36 9296 [Note] InnoDB: Initializing buffer pool, size = 128.0M
2019-10-02 16:16:36 9296 [Note] InnoDB: Completed initialization of buffer pool
2019-10-02 16:16:36 9296 [Note] InnoDB: Highest supported file format is Barracuda.
2019-10-02 16:16:36 9296 [Note] InnoDB: The log sequence numbers 6055739 and 6055739 in ibdata files do not match the log sequence number 6112586 in the ib_logfiles!
2019-10-02 16:16:36 9296 [Note] InnoDB: Database was not shutdown normally!
2019-10-02 16:16:36 9296 [Note] InnoDB: Starting crash recovery.
2019-10-02 16:16:36 9296 [Note] InnoDB: Reading tablespace information from the .ibd files...
2019-10-02 16:16:36 9296 [Note] InnoDB: Restoring possible half-written data pages 
2019-10-02 16:16:36 9296 [Note] InnoDB: from the doublewrite buffer...
2019-10-02 16:16:38 9296 [Note] InnoDB: 128 rollback segment(s) are active.
2019-10-02 16:16:38 9296 [Note] InnoDB: Waiting for purge to start
2019-10-02 16:16:39 9296 [Note] InnoDB: 5.6.13 started; log sequence number 6112586
2019-10-02 16:16:39 9296 [Note] Server hostname (bind-address): '*'; port: 3307
2019-10-02 16:16:39 9296 [Note] IPv6 is available.
2019-10-02 16:16:39 9296 [Note]   - '::' resolves to '::';
2019-10-02 16:16:39 9296 [Note] Server socket created on IP: '::'.
2019-10-02 16:39:08 5472 [Note] Plugin 'FEDERATED' is disabled.
2019-10-02 16:39:09 5472 [Note] InnoDB: The InnoDB memory heap is disabled
2019-10-02 16:39:09 5472 [Note] InnoDB: Mutexes and rw_locks use Windows interlocked functions
2019-10-02 16:39:09 5472 [Note] InnoDB: Compressed tables use zlib 1.2.3
2019-10-02 16:39:09 5472 [Note] InnoDB: Not using CPU crc32 instructions
2019-10-02 16:39:09 5472 [Note] InnoDB: Initializing buffer pool, size = 128.0M
2019-10-02 16:39:09 5472 [Note] InnoDB: Completed initialization of buffer pool
2019-10-02 16:39:10 5472 [Note] InnoDB: Highest supported file format is Barracuda.
2019-10-02 16:39:10 5472 [Note] InnoDB: The log sequence numbers 6055739 and 6055739 in ibdata files do not match the log sequence number 6112596 in the ib_logfiles!
2019-10-02 16:39:10 5472 [Note] InnoDB: Database was not shutdown normally!
2019-10-02 16:39:10 5472 [Note] InnoDB: Starting crash recovery.
2019-10-02 16:39:10 5472 [Note] InnoDB: Reading tablespace information from the .ibd files...
2019-10-02 16:39:11 5472 [Note] InnoDB: Restoring possible half-written data pages 
2019-10-02 16:39:11 5472 [Note] InnoDB: from the doublewrite buffer...
2019-10-02 16:39:16 5472 [Note] InnoDB: 128 rollback segment(s) are active.
2019-10-02 16:39:17 5472 [Note] InnoDB: Waiting for purge to start
2019-10-02 16:39:17 5472 [Note] InnoDB: 5.6.13 started; log sequence number 6112596
2019-10-02 16:39:17 5472 [Note] Server hostname (bind-address): '*'; port: 3307
2019-10-02 16:39:17 5472 [Note] IPv6 is available.
2019-10-02 16:39:17 5472 [Note]   - '::' resolves to '::';
2019-10-02 16:39:17 5472 [Note] Server socket created on IP: '::'.
2019-10-02 17:09:09 10552 [Note] Plugin 'FEDERATED' is disabled.
2019-10-02 17:09:09 10552 [Note] InnoDB: The InnoDB memory heap is disabled
2019-10-02 17:09:09 10552 [Note] InnoDB: Mutexes and rw_locks use Windows interlocked functions
2019-10-02 17:09:09 10552 [Note] InnoDB: Compressed tables use zlib 1.2.3
2019-10-02 17:09:09 10552 [Note] InnoDB: Not using CPU crc32 instructions
2019-10-02 17:09:09 10552 [Note] InnoDB: Initializing buffer pool, size = 128.0M
2019-10-02 17:09:09 10552 [Note] InnoDB: Completed initialization of buffer pool
2019-10-02 17:09:09 10552 [ERROR] InnoDB: C:\Users\USER\Desktop\TCC_Marcelo_Ferreira_02-10-2019\mysql\data\ibdata1 can't be opened in read-write mode
2019-10-02 17:09:09 10552 [ERROR] InnoDB: The system tablespace must be writable!
2019-10-02 17:09:09 10552 [ERROR] Plugin 'InnoDB' init function returned error.
2019-10-02 17:09:09 10552 [ERROR] Plugin 'InnoDB' registration as a STORAGE ENGINE failed.
2019-10-02 17:09:09 10552 [ERROR] Unknown/unsupported storage engine: InnoDB
2019-10-02 17:09:09 10552 [ERROR] Aborting

2019-10-02 17:09:09 10552 [Note] Binlog end
2019-10-02 17:09:09 10552 [Note] Shutting down plugin 'partition'
2019-10-02 17:09:09 10552 [Note] Shutting down plugin 'PERFORMANCE_SCHEMA'
2019-10-02 17:09:09 10552 [Note] Shutting down plugin 'INNODB_SYS_DATAFILES'
2019-10-02 17:09:10 10552 [Note] Shutting down plugin 'INNODB_SYS_TABLESPACES'
2019-10-02 17:09:10 10552 [Note] Shutting down plugin 'INNODB_SYS_FOREIGN_COLS'
2019-10-02 17:09:10 10552 [Note] Shutting down plugin 'INNODB_SYS_FOREIGN'
2019-10-02 17:09:10 10552 [Note] Shutting down plugin 'INNODB_SYS_FIELDS'
2019-10-02 17:09:10 10552 [Note] Shutting down plugin 'INNODB_SYS_COLUMNS'
2019-10-02 17:09:10 10552 [Note] Shutting down plugin 'INNODB_SYS_INDEXES'
2019-10-02 17:09:10 10552 [Note] Shutting down plugin 'INNODB_SYS_TABLESTATS'
2019-10-02 17:09:10 10552 [Note] Shutting down plugin 'INNODB_SYS_TABLES'
2019-10-02 17:09:10 10552 [Note] Shutting down plugin 'INNODB_FT_INDEX_TABLE'
2019-10-02 17:09:10 10552 [Note] Shutting down plugin 'INNODB_FT_INDEX_CACHE'
2019-10-02 17:09:10 10552 [Note] Shutting down plugin 'INNODB_FT_CONFIG'
2019-10-02 17:09:10 10552 [Note] Shutting down plugin 'INNODB_FT_BEING_DELETED'
2019-10-02 17:09:10 10552 [Note] Shutting down plugin 'INNODB_FT_DELETED'
2019-10-02 17:09:10 10552 [Note] Shutting down plugin 'INNODB_FT_DEFAULT_STOPWORD'
2019-10-02 17:09:10 10552 [Note] Shutting down plugin 'INNODB_METRICS'
2019-10-02 17:09:10 10552 [Note] Shutting down plugin 'INNODB_BUFFER_POOL_STATS'
2019-10-02 17:09:10 10552 [Note] Shutting down plugin 'INNODB_BUFFER_PAGE_LRU'
2019-10-02 17:09:10 10552 [Note] Shutting down plugin 'INNODB_BUFFER_PAGE'
2019-10-02 17:09:10 10552 [Note] Shutting down plugin 'INNODB_CMP_PER_INDEX_RESET'
2019-10-02 17:09:10 10552 [Note] Shutting down plugin 'INNODB_CMP_PER_INDEX'
2019-10-02 17:09:10 10552 [Note] Shutting down plugin 'INNODB_CMPMEM_RESET'
2019-10-02 17:09:10 10552 [Note] Shutting down plugin 'INNODB_CMPMEM'
2019-10-02 17:09:10 10552 [Note] Shutting down plugin 'INNODB_CMP_RESET'
2019-10-02 17:09:10 10552 [Note] Shutting down plugin 'INNODB_CMP'
2019-10-02 17:09:10 10552 [Note] Shutting down plugin 'INNODB_LOCK_WAITS'
2019-10-02 17:09:10 10552 [Note] Shutting down plugin 'INNODB_LOCKS'
2019-10-02 17:09:10 10552 [Note] Shutting down plugin 'INNODB_TRX'
2019-10-02 17:09:10 10552 [Note] Shutting down plugin 'BLACKHOLE'
2019-10-02 17:09:10 10552 [Note] Shutting down plugin 'ARCHIVE'
2019-10-02 17:09:10 10552 [Note] Shutting down plugin 'MRG_MYISAM'
2019-10-02 17:09:10 10552 [Note] Shutting down plugin 'MyISAM'
2019-10-02 17:09:10 10552 [Note] Shutting down plugin 'MEMORY'
2019-10-02 17:09:10 10552 [Note] Shutting down plugin 'CSV'
2019-10-02 17:09:10 10552 [Note] Shutting down plugin 'sha256_password'
2019-10-02 17:09:10 10552 [Note] Shutting down plugin 'mysql_old_password'
2019-10-02 17:09:10 10552 [Note] Shutting down plugin 'mysql_native_password'
2019-10-02 17:09:10 10552 [Note] Shutting down plugin 'binlog'
2019-10-02 17:09:10 10552 [Note] C:\Users\USER\Desktop\TCC_Marcelo_Ferreira_02-10-2019/mysql/bin/mysqld_usbwv8.exe: Shutdown complete

2019-10-02 17:49:37 11072 [Note] Plugin 'FEDERATED' is disabled.
2019-10-02 17:49:37 11072 [Note] InnoDB: The InnoDB memory heap is disabled
2019-10-02 17:49:37 11072 [Note] InnoDB: Mutexes and rw_locks use Windows interlocked functions
2019-10-02 17:49:37 11072 [Note] InnoDB: Compressed tables use zlib 1.2.3
2019-10-02 17:49:37 11072 [Note] InnoDB: Not using CPU crc32 instructions
2019-10-02 17:49:37 11072 [Note] InnoDB: Initializing buffer pool, size = 128.0M
2019-10-02 17:49:37 11072 [Note] InnoDB: Completed initialization of buffer pool
2019-10-02 17:49:37 11072 [ERROR] InnoDB: C:\Users\USER\Desktop\TCC_Marcelo_Ferreira_02-10-2019\mysql\data\ibdata1 can't be opened in read-write mode
2019-10-02 17:49:37 11072 [ERROR] InnoDB: The system tablespace must be writable!
2019-10-02 17:49:37 11072 [ERROR] Plugin 'InnoDB' init function returned error.
2019-10-02 17:49:37 11072 [ERROR] Plugin 'InnoDB' registration as a STORAGE ENGINE failed.
2019-10-02 17:49:37 11072 [ERROR] Unknown/unsupported storage engine: InnoDB
2019-10-02 17:49:37 11072 [ERROR] Aborting

2019-10-02 17:49:37 11072 [Note] Binlog end
2019-10-02 17:49:37 11072 [Note] Shutting down plugin 'partition'
2019-10-02 17:49:37 11072 [Note] Shutting down plugin 'PERFORMANCE_SCHEMA'
2019-10-02 17:49:37 11072 [Note] Shutting down plugin 'INNODB_SYS_DATAFILES'
2019-10-02 17:49:37 11072 [Note] Shutting down plugin 'INNODB_SYS_TABLESPACES'
2019-10-02 17:49:37 11072 [Note] Shutting down plugin 'INNODB_SYS_FOREIGN_COLS'
2019-10-02 17:49:37 11072 [Note] Shutting down plugin 'INNODB_SYS_FOREIGN'
2019-10-02 17:49:37 11072 [Note] Shutting down plugin 'INNODB_SYS_FIELDS'
2019-10-02 17:49:37 11072 [Note] Shutting down plugin 'INNODB_SYS_COLUMNS'
2019-10-02 17:49:37 11072 [Note] Shutting down plugin 'INNODB_SYS_INDEXES'
2019-10-02 17:49:37 11072 [Note] Shutting down plugin 'INNODB_SYS_TABLESTATS'
2019-10-02 17:49:37 11072 [Note] Shutting down plugin 'INNODB_SYS_TABLES'
2019-10-02 17:49:37 11072 [Note] Shutting down plugin 'INNODB_FT_INDEX_TABLE'
2019-10-02 17:49:37 11072 [Note] Shutting down plugin 'INNODB_FT_INDEX_CACHE'
2019-10-02 17:49:37 11072 [Note] Shutting down plugin 'INNODB_FT_CONFIG'
2019-10-02 17:49:37 11072 [Note] Shutting down plugin 'INNODB_FT_BEING_DELETED'
2019-10-02 17:49:37 11072 [Note] Shutting down plugin 'INNODB_FT_DELETED'
2019-10-02 17:49:37 11072 [Note] Shutting down plugin 'INNODB_FT_DEFAULT_STOPWORD'
2019-10-02 17:49:37 11072 [Note] Shutting down plugin 'INNODB_METRICS'
2019-10-02 17:49:37 11072 [Note] Shutting down plugin 'INNODB_BUFFER_POOL_STATS'
2019-10-02 17:49:37 11072 [Note] Shutting down plugin 'INNODB_BUFFER_PAGE_LRU'
2019-10-02 17:49:37 11072 [Note] Shutting down plugin 'INNODB_BUFFER_PAGE'
2019-10-02 17:49:37 11072 [Note] Shutting down plugin 'INNODB_CMP_PER_INDEX_RESET'
2019-10-02 17:49:37 11072 [Note] Shutting down plugin 'INNODB_CMP_PER_INDEX'
2019-10-02 17:49:37 11072 [Note] Shutting down plugin 'INNODB_CMPMEM_RESET'
2019-10-02 17:49:37 11072 [Note] Shutting down plugin 'INNODB_CMPMEM'
2019-10-02 17:49:37 11072 [Note] Shutting down plugin 'INNODB_CMP_RESET'
2019-10-02 17:49:37 11072 [Note] Shutting down plugin 'INNODB_CMP'
2019-10-02 17:49:37 11072 [Note] Shutting down plugin 'INNODB_LOCK_WAITS'
2019-10-02 17:49:37 11072 [Note] Shutting down plugin 'INNODB_LOCKS'
2019-10-02 17:49:37 11072 [Note] Shutting down plugin 'INNODB_TRX'
2019-10-02 17:49:37 11072 [Note] Shutting down plugin 'BLACKHOLE'
2019-10-02 17:49:37 11072 [Note] Shutting down plugin 'ARCHIVE'
2019-10-02 17:49:37 11072 [Note] Shutting down plugin 'MRG_MYISAM'
2019-10-02 17:49:37 11072 [Note] Shutting down plugin 'MyISAM'
2019-10-02 17:49:37 11072 [Note] Shutting down plugin 'MEMORY'
2019-10-02 17:49:37 11072 [Note] Shutting down plugin 'CSV'
2019-10-02 17:49:37 11072 [Note] Shutting down plugin 'sha256_password'
2019-10-02 17:49:37 11072 [Note] Shutting down plugin 'mysql_old_password'
2019-10-02 17:49:37 11072 [Note] Shutting down plugin 'mysql_native_password'
2019-10-02 17:49:37 11072 [Note] Shutting down plugin 'binlog'
2019-10-02 17:49:37 11072 [Note] C:\Users\USER\Desktop\TCC_Marcelo_Ferreira_02-10-2019/mysql/bin/mysqld_usbwv8.exe: Shutdown complete

2019-10-06 20:24:41 7972 [Note] Plugin 'FEDERATED' is disabled.
2019-10-06 20:24:41 7972 [Note] InnoDB: The InnoDB memory heap is disabled
2019-10-06 20:24:41 7972 [Note] InnoDB: Mutexes and rw_locks use Windows interlocked functions
2019-10-06 20:24:41 7972 [Note] InnoDB: Compressed tables use zlib 1.2.3
2019-10-06 20:24:41 7972 [Note] InnoDB: Not using CPU crc32 instructions
2019-10-06 20:24:41 7972 [Note] InnoDB: Initializing buffer pool, size = 128.0M
2019-10-06 20:24:41 7972 [Note] InnoDB: Completed initialization of buffer pool
2019-10-06 20:24:42 7972 [Note] InnoDB: Highest supported file format is Barracuda.
2019-10-06 20:24:42 7972 [Note] InnoDB: The log sequence numbers 6124648 and 6124648 in ibdata files do not match the log sequence number 6140397 in the ib_logfiles!
2019-10-06 20:24:42 7972 [Note] InnoDB: Database was not shutdown normally!
2019-10-06 20:24:42 7972 [Note] InnoDB: Starting crash recovery.
2019-10-06 20:24:42 7972 [Note] InnoDB: Reading tablespace information from the .ibd files...
2019-10-06 20:24:42 7972 [Note] InnoDB: Restoring possible half-written data pages 
2019-10-06 20:24:42 7972 [Note] InnoDB: from the doublewrite buffer...
2019-10-06 20:24:43 7972 [Note] InnoDB: 128 rollback segment(s) are active.
2019-10-06 20:24:43 7972 [Note] InnoDB: Waiting for purge to start
2019-10-06 20:24:43 7972 [Note] InnoDB: 5.6.13 started; log sequence number 6140397
2019-10-06 20:24:43 7972 [Note] Server hostname (bind-address): '*'; port: 3307
2019-10-06 20:24:43 7972 [Note] IPv6 is available.
2019-10-06 20:24:43 7972 [Note]   - '::' resolves to '::';
2019-10-06 20:24:43 7972 [Note] Server socket created on IP: '::'.
2019-10-06 20:24:43 7972 [Note] Event Scheduler: Loaded 0 events
2019-10-06 20:24:43 7972 [Note] E:\Marcelo\TCC_meu\TCC_Marcelo_Ferreira_04-10-2019/mysql/bin/mysqld_usbwv8.exe: ready for connections.
Version: '5.6.13'  socket: ''  port: 3307  MySQL Community Server (GPL)
2019-10-06 21:17:46 196 [Note] Plugin 'FEDERATED' is disabled.
2019-10-06 21:17:46 196 [Note] InnoDB: The InnoDB memory heap is disabled
2019-10-06 21:17:46 196 [Note] InnoDB: Mutexes and rw_locks use Windows interlocked functions
2019-10-06 21:17:46 196 [Note] InnoDB: Compressed tables use zlib 1.2.3
2019-10-06 21:17:46 196 [Note] InnoDB: Not using CPU crc32 instructions
2019-10-06 21:17:46 196 [Note] InnoDB: Initializing buffer pool, size = 128.0M
2019-10-06 21:17:47 196 [Note] InnoDB: Completed initialization of buffer pool
2019-10-06 21:17:47 196 [ERROR] InnoDB: E:\Marcelo\TCC_meu\TCC_Marcelo_Ferreira_04-10-2019\mysql\data\ibdata1 can't be opened in read-write mode
2019-10-06 21:17:47 196 [ERROR] InnoDB: The system tablespace must be writable!
2019-10-06 21:17:47 196 [ERROR] Plugin 'InnoDB' init function returned error.
2019-10-06 21:17:47 196 [ERROR] Plugin 'InnoDB' registration as a STORAGE ENGINE failed.
2019-10-06 21:17:47 196 [ERROR] Unknown/unsupported storage engine: InnoDB
2019-10-06 21:17:47 196 [ERROR] Aborting

2019-10-06 21:17:47 196 [Note] Binlog end
2019-10-06 21:17:47 196 [Note] Shutting down plugin 'partition'
2019-10-06 21:17:47 196 [Note] Shutting down plugin 'PERFORMANCE_SCHEMA'
2019-10-06 21:17:47 196 [Note] Shutting down plugin 'INNODB_SYS_DATAFILES'
2019-10-06 21:17:47 196 [Note] Shutting down plugin 'INNODB_SYS_TABLESPACES'
2019-10-06 21:17:47 196 [Note] Shutting down plugin 'INNODB_SYS_FOREIGN_COLS'
2019-10-06 21:17:47 196 [Note] Shutting down plugin 'INNODB_SYS_FOREIGN'
2019-10-06 21:17:47 196 [Note] Shutting down plugin 'INNODB_SYS_FIELDS'
2019-10-06 21:17:47 196 [Note] Shutting down plugin 'INNODB_SYS_COLUMNS'
2019-10-06 21:17:47 196 [Note] Shutting down plugin 'INNODB_SYS_INDEXES'
2019-10-06 21:17:47 196 [Note] Shutting down plugin 'INNODB_SYS_TABLESTATS'
2019-10-06 21:17:47 196 [Note] Shutting down plugin 'INNODB_SYS_TABLES'
2019-10-06 21:17:47 196 [Note] Shutting down plugin 'INNODB_FT_INDEX_TABLE'
2019-10-06 21:17:47 196 [Note] Shutting down plugin 'INNODB_FT_INDEX_CACHE'
2019-10-06 21:17:47 196 [Note] Shutting down plugin 'INNODB_FT_CONFIG'
2019-10-06 21:17:47 196 [Note] Shutting down plugin 'INNODB_FT_BEING_DELETED'
2019-10-06 21:17:47 196 [Note] Shutting down plugin 'INNODB_FT_DELETED'
2019-10-06 21:17:47 196 [Note] Shutting down plugin 'INNODB_FT_DEFAULT_STOPWORD'
2019-10-06 21:17:47 196 [Note] Shutting down plugin 'INNODB_METRICS'
2019-10-06 21:17:47 196 [Note] Shutting down plugin 'INNODB_BUFFER_POOL_STATS'
2019-10-06 21:17:47 196 [Note] Shutting down plugin 'INNODB_BUFFER_PAGE_LRU'
2019-10-06 21:17:47 196 [Note] Shutting down plugin 'INNODB_BUFFER_PAGE'
2019-10-06 21:17:47 196 [Note] Shutting down plugin 'INNODB_CMP_PER_INDEX_RESET'
2019-10-06 21:17:47 196 [Note] Shutting down plugin 'INNODB_CMP_PER_INDEX'
2019-10-06 21:17:47 196 [Note] Shutting down plugin 'INNODB_CMPMEM_RESET'
2019-10-06 21:17:47 196 [Note] Shutting down plugin 'INNODB_CMPMEM'
2019-10-06 21:17:47 196 [Note] Shutting down plugin 'INNODB_CMP_RESET'
2019-10-06 21:17:47 196 [Note] Shutting down plugin 'INNODB_CMP'
2019-10-06 21:17:47 196 [Note] Shutting down plugin 'INNODB_LOCK_WAITS'
2019-10-06 21:17:47 196 [Note] Shutting down plugin 'INNODB_LOCKS'
2019-10-06 21:17:47 196 [Note] Shutting down plugin 'INNODB_TRX'
2019-10-06 21:17:47 196 [Note] Shutting down plugin 'BLACKHOLE'
2019-10-06 21:17:47 196 [Note] Shutting down plugin 'ARCHIVE'
2019-10-06 21:17:47 196 [Note] Shutting down plugin 'MRG_MYISAM'
2019-10-06 21:17:47 196 [Note] Shutting down plugin 'MyISAM'
2019-10-06 21:17:47 196 [Note] Shutting down plugin 'MEMORY'
2019-10-06 21:17:47 196 [Note] Shutting down plugin 'CSV'
2019-10-06 21:17:47 196 [Note] Shutting down plugin 'sha256_password'
2019-10-06 21:17:47 196 [Note] Shutting down plugin 'mysql_old_password'
2019-10-06 21:17:47 196 [Note] Shutting down plugin 'mysql_native_password'
2019-10-06 21:17:47 196 [Note] Shutting down plugin 'binlog'
2019-10-06 21:17:47 196 [Note] E:\Marcelo\TCC_meu\TCC_Marcelo_Ferreira_04-10-2019/mysql/bin/mysqld_usbwv8.exe: Shutdown complete

2019-12-10 15:56:08 3624 [Note] Plugin 'FEDERATED' is disabled.
2019-12-10 15:56:08 3624 [Note] InnoDB: The InnoDB memory heap is disabled
2019-12-10 15:56:08 3624 [Note] InnoDB: Mutexes and rw_locks use Windows interlocked functions
2019-12-10 15:56:08 3624 [Note] InnoDB: Compressed tables use zlib 1.2.3
2019-12-10 15:56:08 3624 [Note] InnoDB: Not using CPU crc32 instructions
2019-12-10 15:56:08 3624 [Note] InnoDB: Initializing buffer pool, size = 128.0M
2019-12-10 15:56:08 3624 [Note] InnoDB: Completed initialization of buffer pool
2019-12-10 15:56:09 3624 [Note] InnoDB: Highest supported file format is Barracuda.
2019-12-10 15:56:09 3624 [Note] InnoDB: The log sequence numbers 6124648 and 6124648 in ibdata files do not match the log sequence number 6242346 in the ib_logfiles!
2019-12-10 15:56:09 3624 [Note] InnoDB: Database was not shutdown normally!
2019-12-10 15:56:09 3624 [Note] InnoDB: Starting crash recovery.
2019-12-10 15:56:09 3624 [Note] InnoDB: Reading tablespace information from the .ibd files...
2019-12-10 15:56:11 3624 [Note] InnoDB: Restoring possible half-written data pages 
2019-12-10 15:56:11 3624 [Note] InnoDB: from the doublewrite buffer...
2019-12-10 15:56:26 3624 [Note] InnoDB: 128 rollback segment(s) are active.
2019-12-10 15:56:26 3624 [Note] InnoDB: Waiting for purge to start
2019-12-10 15:56:26 3624 [Note] InnoDB: 5.6.13 started; log sequence number 6242346
2019-12-10 15:56:26 3624 [Note] Server hostname (bind-address): '*'; port: 3307
2019-12-10 15:56:26 3624 [Note] IPv6 is available.
2019-12-10 15:56:26 3624 [Note]   - '::' resolves to '::';
2019-12-10 15:56:26 3624 [Note] Server socket created on IP: '::'.
2019-12-10 15:56:35 3624 [Note] Event Scheduler: Loaded 0 events
2019-12-10 15:56:35 3624 [Note] C:\Users\USER\Desktop\TCC_Marcelo_Ferreira_10-12-2019/mysql/bin/mysqld_usbwv8.exe: ready for connections.
Version: '5.6.13'  socket: ''  port: 3307  MySQL Community Server (GPL)
2019-12-11 17:14:24 10164 [Note] Plugin 'FEDERATED' is disabled.
2019-12-11 17:14:26 10164 [Note] InnoDB: The InnoDB memory heap is disabled
2019-12-11 17:14:26 10164 [Note] InnoDB: Mutexes and rw_locks use Windows interlocked functions
2019-12-11 17:14:26 10164 [Note] InnoDB: Compressed tables use zlib 1.2.3
2019-12-11 17:14:26 10164 [Note] InnoDB: Not using CPU crc32 instructions
2019-12-11 17:14:26 10164 [Note] InnoDB: Initializing buffer pool, size = 128.0M
2019-12-11 17:14:26 10164 [Note] InnoDB: Completed initialization of buffer pool
2019-12-11 17:14:31 10164 [Note] InnoDB: Highest supported file format is Barracuda.
2019-12-11 17:14:31 10164 [Note] InnoDB: The log sequence numbers 6124648 and 6124648 in ibdata files do not match the log sequence number 6252878 in the ib_logfiles!
2019-12-11 17:14:31 10164 [Note] InnoDB: Database was not shutdown normally!
2019-12-11 17:14:31 10164 [Note] InnoDB: Starting crash recovery.
2019-12-11 17:14:31 10164 [Note] InnoDB: Reading tablespace information from the .ibd files...
2019-12-11 17:14:33 10164 [Note] InnoDB: Restoring possible half-written data pages 
2019-12-11 17:14:33 10164 [Note] InnoDB: from the doublewrite buffer...
2019-12-11 17:14:48 10164 [Note] InnoDB: 128 rollback segment(s) are active.
2019-12-11 17:14:48 10164 [Note] InnoDB: Waiting for purge to start
2019-12-11 17:14:49 10164 [Note] InnoDB: 5.6.13 started; log sequence number 6252878
2019-12-11 17:14:49 10164 [Note] Server hostname (bind-address): '*'; port: 3307
2019-12-11 17:14:49 10164 [Note] IPv6 is available.
2019-12-11 17:14:49 10164 [Note]   - '::' resolves to '::';
2019-12-11 17:14:49 10164 [Note] Server socket created on IP: '::'.
2019-12-11 18:21:26 11832 [Note] Plugin 'FEDERATED' is disabled.
2019-12-11 18:21:26 11832 [Note] InnoDB: The InnoDB memory heap is disabled
2019-12-11 18:21:26 11832 [Note] InnoDB: Mutexes and rw_locks use Windows interlocked functions
2019-12-11 18:21:26 11832 [Note] InnoDB: Compressed tables use zlib 1.2.3
2019-12-11 18:21:26 11832 [Note] InnoDB: Not using CPU crc32 instructions
2019-12-11 18:21:26 11832 [Note] InnoDB: Initializing buffer pool, size = 128.0M
2019-12-11 18:21:26 11832 [Note] InnoDB: Completed initialization of buffer pool
2019-12-11 18:21:27 11832 [Note] InnoDB: Highest supported file format is Barracuda.
2019-12-11 18:21:27 11832 [Note] InnoDB: The log sequence numbers 6124648 and 6124648 in ibdata files do not match the log sequence number 6289660 in the ib_logfiles!
2019-12-11 18:21:27 11832 [Note] InnoDB: Database was not shutdown normally!
2019-12-11 18:21:27 11832 [Note] InnoDB: Starting crash recovery.
2019-12-11 18:21:27 11832 [Note] InnoDB: Reading tablespace information from the .ibd files...
2019-12-11 18:21:27 11832 [Note] InnoDB: Restoring possible half-written data pages 
2019-12-11 18:21:27 11832 [Note] InnoDB: from the doublewrite buffer...
2019-12-11 18:21:33 11832 [Note] InnoDB: 128 rollback segment(s) are active.
2019-12-11 18:21:33 11832 [Note] InnoDB: Waiting for purge to start
2019-12-11 18:21:33 11832 [Note] InnoDB: 5.6.13 started; log sequence number 6289660
2019-12-11 18:21:33 11832 [Note] Server hostname (bind-address): '*'; port: 3307
2019-12-11 18:21:33 11832 [Note] IPv6 is available.
2019-12-11 18:21:33 11832 [Note]   - '::' resolves to '::';
2019-12-11 18:21:33 11832 [Note] Server socket created on IP: '::'.
